{
  "stats": {
    "suites": 6,
    "tests": 15,
    "passes": 0,
    "pending": 0,
    "failures": 15,
    "start": "2021-09-22T01:20:32.316Z",
    "end": "2021-09-22T01:23:07.560Z",
    "duration": 155244,
    "testsRegistered": 15,
    "passPercent": 0,
    "pendingPercent": 0,
    "other": 0,
    "hasOther": false,
    "skipped": 0,
    "hasSkipped": false
  },
  "results": [
    {
      "uuid": "8de6bdf7-d303-45e2-bdad-f232111affaf",
      "title": "",
      "fullFile": "cypress/integration/header_search_bar_spec.js",
      "file": "cypress/integration/header_search_bar_spec.js",
      "beforeHooks": [],
      "afterHooks": [],
      "tests": [],
      "suites": [
        {
          "uuid": "b0f37e48-70c7-4f22-8c74-c2da9a538912",
          "title": "13 - Implemente os elementos da barra de busca respeitando os atributos descritos no protótipo",
          "fullFile": "",
          "file": "",
          "beforeHooks": [],
          "afterHooks": [],
          "tests": [
            {
              "title": "Tem os data-testids tanto da barra de busca quanto de todos os radio-buttons",
              "fullTitle": "13 - Implemente os elementos da barra de busca respeitando os atributos descritos no protótipo Tem os data-testids tanto da barra de busca quanto de todos os radio-buttons",
              "timedOut": null,
              "duration": 10653,
              "state": "failed",
              "speed": null,
              "pass": false,
              "fail": true,
              "pending": false,
              "context": null,
              "code": "cy.visit('http://localhost:3000/comidas');\ncy.get('[data-testid=\"search-top-btn\"]').click();\ncy.get('[data-testid=\"search-input\"]');\ncy.get('[data-testid=\"ingredient-search-radio\"]');\ncy.get('[data-testid=\"name-search-radio\"]');\ncy.get('[data-testid=\"first-letter-search-radio\"]');\ncy.get('[data-testid=\"exec-search-btn\"]');",
              "err": {
                "message": "CypressError: Timed out retrying: Expected to find element: '[data-testid=\"search-top-btn\"]', but never found it.",
                "estack": "CypressError: Timed out retrying: Expected to find element: '[data-testid=\"search-top-btn\"]', but never found it.\n    at Object.cypressErr (http://localhost:3000/__cypress/runner/cypress_runner.js:86207:11)\n    at Object.throwErr (http://localhost:3000/__cypress/runner/cypress_runner.js:86162:18)\n    at Object.throwErrByPath (http://localhost:3000/__cypress/runner/cypress_runner.js:86194:17)\n    at retry (http://localhost:3000/__cypress/runner/cypress_runner.js:76849:16)\n    at onFailFn (http://localhost:3000/__cypress/runner/cypress_runner.js:65634:16)\n    at tryCatcher (http://localhost:3000/__cypress/runner/cypress_runner.js:120203:23)\n    at Promise._settlePromiseFromHandler (http://localhost:3000/__cypress/runner/cypress_runner.js:118139:31)\n    at Promise._settlePromise (http://localhost:3000/__cypress/runner/cypress_runner.js:118196:18)\n    at Promise._settlePromise0 (http://localhost:3000/__cypress/runner/cypress_runner.js:118241:10)\n    at Promise._settlePromises (http://localhost:3000/__cypress/runner/cypress_runner.js:118316:18)\n    at Async../node_modules/bluebird/js/release/async.js.Async._drainQueue (http://localhost:3000/__cypress/runner/cypress_runner.js:114928:16)\n    at Async../node_modules/bluebird/js/release/async.js.Async._drainQueues (http://localhost:3000/__cypress/runner/cypress_runner.js:114938:10)\n    at Async.drainQueues (http://localhost:3000/__cypress/runner/cypress_runner.js:114812:14)",
                "diff": null
              },
              "uuid": "90c532b2-2f28-401d-b777-8b3d51a415d3",
              "parentUUID": "b0f37e48-70c7-4f22-8c74-c2da9a538912",
              "isHook": false,
              "skipped": false
            }
          ],
          "suites": [],
          "passes": [],
          "failures": [
            "90c532b2-2f28-401d-b777-8b3d51a415d3"
          ],
          "pending": [],
          "skipped": [],
          "duration": 10653,
          "root": false,
          "rootEmpty": false,
          "_timeout": 2000
        },
        {
          "uuid": "9626c1fe-3cfa-41cd-ab84-09cad676db86",
          "title": "14 - Posicione a barra logo abaixo do header e implemente 3 radio buttons: Ingrediente, Nome e Primeira letra",
          "fullFile": "",
          "file": "",
          "beforeHooks": [],
          "afterHooks": [],
          "tests": [
            {
              "title": "Se o radio selecionado for Ingrediente, a busca na API é feita corretamente pelo ingrediente",
              "fullTitle": "14 - Posicione a barra logo abaixo do header e implemente 3 radio buttons: Ingrediente, Nome e Primeira letra Se o radio selecionado for Ingrediente, a busca na API é feita corretamente pelo ingrediente",
              "timedOut": null,
              "duration": 10253,
              "state": "failed",
              "speed": null,
              "pass": false,
              "fail": true,
              "pending": false,
              "context": null,
              "code": "cy.visit('http://localhost:3000/comidas', {\n  onBeforeLoad: function onBeforeLoad(win) {\n    cy.spy(win, 'fetch');\n  }\n});\ncy.get('[data-testid=\"search-top-btn\"]').click();\ncy.get('[data-testid=\"ingredient-search-radio\"]').click();\ncy.get('[data-testid=\"search-input\"]').type('chicken');\ncy.get('[data-testid=\"exec-search-btn\"]').click();\ncy.window().its('fetch').should('be.calledWith', 'https://www.themealdb.com/api/json/v1/1/filter.php?i=chicken');",
              "err": {
                "message": "CypressError: Timed out retrying: Expected to find element: '[data-testid=\"search-top-btn\"]', but never found it.",
                "estack": "CypressError: Timed out retrying: Expected to find element: '[data-testid=\"search-top-btn\"]', but never found it.\n    at Object.cypressErr (http://localhost:3000/__cypress/runner/cypress_runner.js:86207:11)\n    at Object.throwErr (http://localhost:3000/__cypress/runner/cypress_runner.js:86162:18)\n    at Object.throwErrByPath (http://localhost:3000/__cypress/runner/cypress_runner.js:86194:17)\n    at retry (http://localhost:3000/__cypress/runner/cypress_runner.js:76849:16)\n    at onFailFn (http://localhost:3000/__cypress/runner/cypress_runner.js:65634:16)\n    at tryCatcher (http://localhost:3000/__cypress/runner/cypress_runner.js:120203:23)\n    at Promise._settlePromiseFromHandler (http://localhost:3000/__cypress/runner/cypress_runner.js:118139:31)\n    at Promise._settlePromise (http://localhost:3000/__cypress/runner/cypress_runner.js:118196:18)\n    at Promise._settlePromise0 (http://localhost:3000/__cypress/runner/cypress_runner.js:118241:10)\n    at Promise._settlePromises (http://localhost:3000/__cypress/runner/cypress_runner.js:118316:18)\n    at Async../node_modules/bluebird/js/release/async.js.Async._drainQueue (http://localhost:3000/__cypress/runner/cypress_runner.js:114928:16)\n    at Async../node_modules/bluebird/js/release/async.js.Async._drainQueues (http://localhost:3000/__cypress/runner/cypress_runner.js:114938:10)\n    at Async.drainQueues (http://localhost:3000/__cypress/runner/cypress_runner.js:114812:14)",
                "diff": null
              },
              "uuid": "508bf388-84e6-4ffc-95b0-767065d2fbf5",
              "parentUUID": "9626c1fe-3cfa-41cd-ab84-09cad676db86",
              "isHook": false,
              "skipped": false
            },
            {
              "title": "Se o radio selecionado for Nome, a busca na API é feita corretamente pelo nome",
              "fullTitle": "14 - Posicione a barra logo abaixo do header e implemente 3 radio buttons: Ingrediente, Nome e Primeira letra Se o radio selecionado for Nome, a busca na API é feita corretamente pelo nome",
              "timedOut": null,
              "duration": 10240,
              "state": "failed",
              "speed": null,
              "pass": false,
              "fail": true,
              "pending": false,
              "context": null,
              "code": "cy.visit('http://localhost:3000/comidas', {\n  onBeforeLoad: function onBeforeLoad(win) {\n    cy.spy(win, 'fetch');\n  }\n});\ncy.get('[data-testid=\"search-top-btn\"]').click();\ncy.get('[data-testid=\"name-search-radio\"]').click();\ncy.get('[data-testid=\"search-input\"]').type('soup');\ncy.get('[data-testid=\"exec-search-btn\"]').click();\ncy.window().its('fetch').should('be.calledWith', 'https://www.themealdb.com/api/json/v1/1/search.php?s=soup');",
              "err": {
                "message": "CypressError: Timed out retrying: Expected to find element: '[data-testid=\"search-top-btn\"]', but never found it.",
                "estack": "CypressError: Timed out retrying: Expected to find element: '[data-testid=\"search-top-btn\"]', but never found it.\n    at Object.cypressErr (http://localhost:3000/__cypress/runner/cypress_runner.js:86207:11)\n    at Object.throwErr (http://localhost:3000/__cypress/runner/cypress_runner.js:86162:18)\n    at Object.throwErrByPath (http://localhost:3000/__cypress/runner/cypress_runner.js:86194:17)\n    at retry (http://localhost:3000/__cypress/runner/cypress_runner.js:76849:16)\n    at onFailFn (http://localhost:3000/__cypress/runner/cypress_runner.js:65634:16)\n    at tryCatcher (http://localhost:3000/__cypress/runner/cypress_runner.js:120203:23)\n    at Promise._settlePromiseFromHandler (http://localhost:3000/__cypress/runner/cypress_runner.js:118139:31)\n    at Promise._settlePromise (http://localhost:3000/__cypress/runner/cypress_runner.js:118196:18)\n    at Promise._settlePromise0 (http://localhost:3000/__cypress/runner/cypress_runner.js:118241:10)\n    at Promise._settlePromises (http://localhost:3000/__cypress/runner/cypress_runner.js:118316:18)\n    at Async../node_modules/bluebird/js/release/async.js.Async._drainQueue (http://localhost:3000/__cypress/runner/cypress_runner.js:114928:16)\n    at Async../node_modules/bluebird/js/release/async.js.Async._drainQueues (http://localhost:3000/__cypress/runner/cypress_runner.js:114938:10)\n    at Async.drainQueues (http://localhost:3000/__cypress/runner/cypress_runner.js:114812:14)",
                "diff": null
              },
              "uuid": "d860017c-0a49-44f0-85b3-9d78891b65b7",
              "parentUUID": "9626c1fe-3cfa-41cd-ab84-09cad676db86",
              "isHook": false,
              "skipped": false
            },
            {
              "title": "Se o radio selecionado for Primeira letra, a busca na API é feita corretamente pelo primeira letra",
              "fullTitle": "14 - Posicione a barra logo abaixo do header e implemente 3 radio buttons: Ingrediente, Nome e Primeira letra Se o radio selecionado for Primeira letra, a busca na API é feita corretamente pelo primeira letra",
              "timedOut": null,
              "duration": 10246,
              "state": "failed",
              "speed": null,
              "pass": false,
              "fail": true,
              "pending": false,
              "context": null,
              "code": "cy.visit('http://localhost:3000/comidas', {\n  onBeforeLoad: function onBeforeLoad(win) {\n    cy.spy(win, 'fetch');\n  }\n});\ncy.get('[data-testid=\"search-top-btn\"]').click();\ncy.get('[data-testid=\"first-letter-search-radio\"]').click();\ncy.get('[data-testid=\"search-input\"]').type('a');\ncy.get('[data-testid=\"exec-search-btn\"]').click();\ncy.window().its('fetch').should('be.calledWith', 'https://www.themealdb.com/api/json/v1/1/search.php?f=a');",
              "err": {
                "message": "CypressError: Timed out retrying: Expected to find element: '[data-testid=\"search-top-btn\"]', but never found it.",
                "estack": "CypressError: Timed out retrying: Expected to find element: '[data-testid=\"search-top-btn\"]', but never found it.\n    at Object.cypressErr (http://localhost:3000/__cypress/runner/cypress_runner.js:86207:11)\n    at Object.throwErr (http://localhost:3000/__cypress/runner/cypress_runner.js:86162:18)\n    at Object.throwErrByPath (http://localhost:3000/__cypress/runner/cypress_runner.js:86194:17)\n    at retry (http://localhost:3000/__cypress/runner/cypress_runner.js:76849:16)\n    at onFailFn (http://localhost:3000/__cypress/runner/cypress_runner.js:65634:16)\n    at tryCatcher (http://localhost:3000/__cypress/runner/cypress_runner.js:120203:23)\n    at Promise._settlePromiseFromHandler (http://localhost:3000/__cypress/runner/cypress_runner.js:118139:31)\n    at Promise._settlePromise (http://localhost:3000/__cypress/runner/cypress_runner.js:118196:18)\n    at Promise._settlePromise0 (http://localhost:3000/__cypress/runner/cypress_runner.js:118241:10)\n    at Promise._settlePromises (http://localhost:3000/__cypress/runner/cypress_runner.js:118316:18)\n    at Async../node_modules/bluebird/js/release/async.js.Async._drainQueue (http://localhost:3000/__cypress/runner/cypress_runner.js:114928:16)\n    at Async../node_modules/bluebird/js/release/async.js.Async._drainQueues (http://localhost:3000/__cypress/runner/cypress_runner.js:114938:10)\n    at Async.drainQueues (http://localhost:3000/__cypress/runner/cypress_runner.js:114812:14)",
                "diff": null
              },
              "uuid": "984f46ba-bb6a-47c3-ba08-c6bdd7a8dcda",
              "parentUUID": "9626c1fe-3cfa-41cd-ab84-09cad676db86",
              "isHook": false,
              "skipped": false
            },
            {
              "title": "Se o radio selecionado for Primeira letra e a busca na API for feita com mais de uma letra, deve-se exibir um alert",
              "fullTitle": "14 - Posicione a barra logo abaixo do header e implemente 3 radio buttons: Ingrediente, Nome e Primeira letra Se o radio selecionado for Primeira letra e a busca na API for feita com mais de uma letra, deve-se exibir um alert",
              "timedOut": null,
              "duration": 10242,
              "state": "failed",
              "speed": null,
              "pass": false,
              "fail": true,
              "pending": false,
              "context": null,
              "code": "cy.visit('http://localhost:3000/comidas', {\n  onBeforeLoad: function onBeforeLoad(win) {\n    cy.spy(win, 'alert');\n  }\n});\ncy.get('[data-testid=\"search-top-btn\"]').click();\ncy.get('[data-testid=\"first-letter-search-radio\"]').click();\ncy.get('[data-testid=\"search-input\"]').type('aaa');\ncy.get('[data-testid=\"exec-search-btn\"]').click();\ncy.window().its('alert').should('be.calledWith', 'Sua busca deve conter somente 1 (um) caracter');",
              "err": {
                "message": "CypressError: Timed out retrying: Expected to find element: '[data-testid=\"search-top-btn\"]', but never found it.",
                "estack": "CypressError: Timed out retrying: Expected to find element: '[data-testid=\"search-top-btn\"]', but never found it.\n    at Object.cypressErr (http://localhost:3000/__cypress/runner/cypress_runner.js:86207:11)\n    at Object.throwErr (http://localhost:3000/__cypress/runner/cypress_runner.js:86162:18)\n    at Object.throwErrByPath (http://localhost:3000/__cypress/runner/cypress_runner.js:86194:17)\n    at retry (http://localhost:3000/__cypress/runner/cypress_runner.js:76849:16)\n    at onFailFn (http://localhost:3000/__cypress/runner/cypress_runner.js:65634:16)\n    at tryCatcher (http://localhost:3000/__cypress/runner/cypress_runner.js:120203:23)\n    at Promise._settlePromiseFromHandler (http://localhost:3000/__cypress/runner/cypress_runner.js:118139:31)\n    at Promise._settlePromise (http://localhost:3000/__cypress/runner/cypress_runner.js:118196:18)\n    at Promise._settlePromise0 (http://localhost:3000/__cypress/runner/cypress_runner.js:118241:10)\n    at Promise._settlePromises (http://localhost:3000/__cypress/runner/cypress_runner.js:118316:18)\n    at Async../node_modules/bluebird/js/release/async.js.Async._drainQueue (http://localhost:3000/__cypress/runner/cypress_runner.js:114928:16)\n    at Async../node_modules/bluebird/js/release/async.js.Async._drainQueues (http://localhost:3000/__cypress/runner/cypress_runner.js:114938:10)\n    at Async.drainQueues (http://localhost:3000/__cypress/runner/cypress_runner.js:114812:14)",
                "diff": null
              },
              "uuid": "0c9e0f98-d5a0-4a3e-bf38-b03c9cf85556",
              "parentUUID": "9626c1fe-3cfa-41cd-ab84-09cad676db86",
              "isHook": false,
              "skipped": false
            }
          ],
          "suites": [],
          "passes": [],
          "failures": [
            "508bf388-84e6-4ffc-95b0-767065d2fbf5",
            "d860017c-0a49-44f0-85b3-9d78891b65b7",
            "984f46ba-bb6a-47c3-ba08-c6bdd7a8dcda",
            "0c9e0f98-d5a0-4a3e-bf38-b03c9cf85556"
          ],
          "pending": [],
          "skipped": [],
          "duration": 40981,
          "root": false,
          "rootEmpty": false,
          "_timeout": 2000
        },
        {
          "uuid": "47046bec-67b7-405e-890c-df06fafed206",
          "title": "15 - Busque na API de comidas caso a pessoa esteja na página de comidas e na de bebidas caso esteja na de bebidas",
          "fullFile": "",
          "file": "",
          "beforeHooks": [],
          "afterHooks": [],
          "tests": [
            {
              "title": "Na tela de bebidas, se o radio selecionado for Ingrediente, a busca na API é feita corretamente pelo ingrediente",
              "fullTitle": "15 - Busque na API de comidas caso a pessoa esteja na página de comidas e na de bebidas caso esteja na de bebidas Na tela de bebidas, se o radio selecionado for Ingrediente, a busca na API é feita corretamente pelo ingrediente",
              "timedOut": null,
              "duration": 10241,
              "state": "failed",
              "speed": null,
              "pass": false,
              "fail": true,
              "pending": false,
              "context": null,
              "code": "cy.visit('http://localhost:3000/bebidas', {\n  onBeforeLoad: function onBeforeLoad(win) {\n    cy.spy(win, 'fetch');\n  }\n});\ncy.get('[data-testid=\"search-top-btn\"]').click();\ncy.get('[data-testid=\"ingredient-search-radio\"]').click();\ncy.get('[data-testid=\"search-input\"]').type('lemon');\ncy.get('[data-testid=\"exec-search-btn\"]').click();\ncy.window().its('fetch').should('be.calledWith', 'https://www.thecocktaildb.com/api/json/v1/1/filter.php?i=lemon');",
              "err": {
                "message": "CypressError: Timed out retrying: Expected to find element: '[data-testid=\"search-top-btn\"]', but never found it.",
                "estack": "CypressError: Timed out retrying: Expected to find element: '[data-testid=\"search-top-btn\"]', but never found it.\n    at Object.cypressErr (http://localhost:3000/__cypress/runner/cypress_runner.js:86207:11)\n    at Object.throwErr (http://localhost:3000/__cypress/runner/cypress_runner.js:86162:18)\n    at Object.throwErrByPath (http://localhost:3000/__cypress/runner/cypress_runner.js:86194:17)\n    at retry (http://localhost:3000/__cypress/runner/cypress_runner.js:76849:16)\n    at onFailFn (http://localhost:3000/__cypress/runner/cypress_runner.js:65634:16)\n    at tryCatcher (http://localhost:3000/__cypress/runner/cypress_runner.js:120203:23)\n    at Promise._settlePromiseFromHandler (http://localhost:3000/__cypress/runner/cypress_runner.js:118139:31)\n    at Promise._settlePromise (http://localhost:3000/__cypress/runner/cypress_runner.js:118196:18)\n    at Promise._settlePromise0 (http://localhost:3000/__cypress/runner/cypress_runner.js:118241:10)\n    at Promise._settlePromises (http://localhost:3000/__cypress/runner/cypress_runner.js:118316:18)\n    at Async../node_modules/bluebird/js/release/async.js.Async._drainQueue (http://localhost:3000/__cypress/runner/cypress_runner.js:114928:16)\n    at Async../node_modules/bluebird/js/release/async.js.Async._drainQueues (http://localhost:3000/__cypress/runner/cypress_runner.js:114938:10)\n    at Async.drainQueues (http://localhost:3000/__cypress/runner/cypress_runner.js:114812:14)",
                "diff": null
              },
              "uuid": "71bfb45a-1d53-4c96-a748-afd7b7031d0b",
              "parentUUID": "47046bec-67b7-405e-890c-df06fafed206",
              "isHook": false,
              "skipped": false
            },
            {
              "title": "Na tela de bebidas, se o radio selecionado for Nome, a busca na API é feita corretamente pelo nome",
              "fullTitle": "15 - Busque na API de comidas caso a pessoa esteja na página de comidas e na de bebidas caso esteja na de bebidas Na tela de bebidas, se o radio selecionado for Nome, a busca na API é feita corretamente pelo nome",
              "timedOut": null,
              "duration": 10264,
              "state": "failed",
              "speed": null,
              "pass": false,
              "fail": true,
              "pending": false,
              "context": null,
              "code": "cy.visit('http://localhost:3000/bebidas', {\n  onBeforeLoad: function onBeforeLoad(win) {\n    cy.spy(win, 'fetch');\n  }\n});\ncy.get('[data-testid=\"search-top-btn\"]').click();\ncy.get('[data-testid=\"name-search-radio\"]').click();\ncy.get('[data-testid=\"search-input\"]').type('gin');\ncy.get('[data-testid=\"exec-search-btn\"]').click();\ncy.window().its('fetch').should('be.calledWith', 'https://www.thecocktaildb.com/api/json/v1/1/search.php?s=gin');",
              "err": {
                "message": "CypressError: Timed out retrying: Expected to find element: '[data-testid=\"search-top-btn\"]', but never found it.",
                "estack": "CypressError: Timed out retrying: Expected to find element: '[data-testid=\"search-top-btn\"]', but never found it.\n    at Object.cypressErr (http://localhost:3000/__cypress/runner/cypress_runner.js:86207:11)\n    at Object.throwErr (http://localhost:3000/__cypress/runner/cypress_runner.js:86162:18)\n    at Object.throwErrByPath (http://localhost:3000/__cypress/runner/cypress_runner.js:86194:17)\n    at retry (http://localhost:3000/__cypress/runner/cypress_runner.js:76849:16)\n    at onFailFn (http://localhost:3000/__cypress/runner/cypress_runner.js:65634:16)\n    at tryCatcher (http://localhost:3000/__cypress/runner/cypress_runner.js:120203:23)\n    at Promise._settlePromiseFromHandler (http://localhost:3000/__cypress/runner/cypress_runner.js:118139:31)\n    at Promise._settlePromise (http://localhost:3000/__cypress/runner/cypress_runner.js:118196:18)\n    at Promise._settlePromise0 (http://localhost:3000/__cypress/runner/cypress_runner.js:118241:10)\n    at Promise._settlePromises (http://localhost:3000/__cypress/runner/cypress_runner.js:118316:18)\n    at Async../node_modules/bluebird/js/release/async.js.Async._drainQueue (http://localhost:3000/__cypress/runner/cypress_runner.js:114928:16)\n    at Async../node_modules/bluebird/js/release/async.js.Async._drainQueues (http://localhost:3000/__cypress/runner/cypress_runner.js:114938:10)\n    at Async.drainQueues (http://localhost:3000/__cypress/runner/cypress_runner.js:114812:14)",
                "diff": null
              },
              "uuid": "e2c7c98d-715c-418b-bfec-debfb90f3513",
              "parentUUID": "47046bec-67b7-405e-890c-df06fafed206",
              "isHook": false,
              "skipped": false
            },
            {
              "title": "Na tela de bebidas, se o radio selecionado for Primeira letra, a busca na API é feita corretamente pelo primeira letra",
              "fullTitle": "15 - Busque na API de comidas caso a pessoa esteja na página de comidas e na de bebidas caso esteja na de bebidas Na tela de bebidas, se o radio selecionado for Primeira letra, a busca na API é feita corretamente pelo primeira letra",
              "timedOut": null,
              "duration": 10223,
              "state": "failed",
              "speed": null,
              "pass": false,
              "fail": true,
              "pending": false,
              "context": null,
              "code": "cy.visit('http://localhost:3000/bebidas', {\n  onBeforeLoad: function onBeforeLoad(win) {\n    cy.spy(win, 'fetch');\n  }\n});\ncy.get('[data-testid=\"search-top-btn\"]').click();\ncy.get('[data-testid=\"first-letter-search-radio\"]').click();\ncy.get('[data-testid=\"search-input\"]').type('a');\ncy.get('[data-testid=\"exec-search-btn\"]').click();\ncy.window().its('fetch').should('be.calledWith', 'https://www.thecocktaildb.com/api/json/v1/1/search.php?f=a');",
              "err": {
                "message": "CypressError: Timed out retrying: Expected to find element: '[data-testid=\"search-top-btn\"]', but never found it.",
                "estack": "CypressError: Timed out retrying: Expected to find element: '[data-testid=\"search-top-btn\"]', but never found it.\n    at Object.cypressErr (http://localhost:3000/__cypress/runner/cypress_runner.js:86207:11)\n    at Object.throwErr (http://localhost:3000/__cypress/runner/cypress_runner.js:86162:18)\n    at Object.throwErrByPath (http://localhost:3000/__cypress/runner/cypress_runner.js:86194:17)\n    at retry (http://localhost:3000/__cypress/runner/cypress_runner.js:76849:16)\n    at onFailFn (http://localhost:3000/__cypress/runner/cypress_runner.js:65634:16)\n    at tryCatcher (http://localhost:3000/__cypress/runner/cypress_runner.js:120203:23)\n    at Promise._settlePromiseFromHandler (http://localhost:3000/__cypress/runner/cypress_runner.js:118139:31)\n    at Promise._settlePromise (http://localhost:3000/__cypress/runner/cypress_runner.js:118196:18)\n    at Promise._settlePromise0 (http://localhost:3000/__cypress/runner/cypress_runner.js:118241:10)\n    at Promise._settlePromises (http://localhost:3000/__cypress/runner/cypress_runner.js:118316:18)\n    at Async../node_modules/bluebird/js/release/async.js.Async._drainQueue (http://localhost:3000/__cypress/runner/cypress_runner.js:114928:16)\n    at Async../node_modules/bluebird/js/release/async.js.Async._drainQueues (http://localhost:3000/__cypress/runner/cypress_runner.js:114938:10)\n    at Async.drainQueues (http://localhost:3000/__cypress/runner/cypress_runner.js:114812:14)",
                "diff": null
              },
              "uuid": "a8953636-e5fc-464a-a855-9b97971ebf8c",
              "parentUUID": "47046bec-67b7-405e-890c-df06fafed206",
              "isHook": false,
              "skipped": false
            },
            {
              "title": "Na tela de bebidas, se o radio selecionado for Primeira letra e a busca na API for feita com mais de uma letra, deve-se exibir um alert",
              "fullTitle": "15 - Busque na API de comidas caso a pessoa esteja na página de comidas e na de bebidas caso esteja na de bebidas Na tela de bebidas, se o radio selecionado for Primeira letra e a busca na API for feita com mais de uma letra, deve-se exibir um alert",
              "timedOut": null,
              "duration": 10336,
              "state": "failed",
              "speed": null,
              "pass": false,
              "fail": true,
              "pending": false,
              "context": null,
              "code": "cy.visit('http://localhost:3000/bebidas', {\n  onBeforeLoad: function onBeforeLoad(win) {\n    cy.spy(win, 'alert');\n  }\n});\ncy.get('[data-testid=\"search-top-btn\"]').click();\ncy.get('[data-testid=\"first-letter-search-radio\"]').click();\ncy.get('[data-testid=\"search-input\"]').type('aaa');\ncy.get('[data-testid=\"exec-search-btn\"]').click();\ncy.window().its('alert').should('be.calledWith', 'Sua busca deve conter somente 1 (um) caracter');",
              "err": {
                "message": "CypressError: Timed out retrying: Expected to find element: '[data-testid=\"search-top-btn\"]', but never found it.",
                "estack": "CypressError: Timed out retrying: Expected to find element: '[data-testid=\"search-top-btn\"]', but never found it.\n    at Object.cypressErr (http://localhost:3000/__cypress/runner/cypress_runner.js:86207:11)\n    at Object.throwErr (http://localhost:3000/__cypress/runner/cypress_runner.js:86162:18)\n    at Object.throwErrByPath (http://localhost:3000/__cypress/runner/cypress_runner.js:86194:17)\n    at retry (http://localhost:3000/__cypress/runner/cypress_runner.js:76849:16)\n    at onFailFn (http://localhost:3000/__cypress/runner/cypress_runner.js:65634:16)\n    at tryCatcher (http://localhost:3000/__cypress/runner/cypress_runner.js:120203:23)\n    at Promise._settlePromiseFromHandler (http://localhost:3000/__cypress/runner/cypress_runner.js:118139:31)\n    at Promise._settlePromise (http://localhost:3000/__cypress/runner/cypress_runner.js:118196:18)\n    at Promise._settlePromise0 (http://localhost:3000/__cypress/runner/cypress_runner.js:118241:10)\n    at Promise._settlePromises (http://localhost:3000/__cypress/runner/cypress_runner.js:118316:18)\n    at Async../node_modules/bluebird/js/release/async.js.Async._drainQueue (http://localhost:3000/__cypress/runner/cypress_runner.js:114928:16)\n    at Async../node_modules/bluebird/js/release/async.js.Async._drainQueues (http://localhost:3000/__cypress/runner/cypress_runner.js:114938:10)\n    at Async.drainQueues (http://localhost:3000/__cypress/runner/cypress_runner.js:114812:14)",
                "diff": null
              },
              "uuid": "e378b6e3-ebc9-4c60-a4c6-f6fcb76c1719",
              "parentUUID": "47046bec-67b7-405e-890c-df06fafed206",
              "isHook": false,
              "skipped": false
            }
          ],
          "suites": [],
          "passes": [],
          "failures": [
            "71bfb45a-1d53-4c96-a748-afd7b7031d0b",
            "e2c7c98d-715c-418b-bfec-debfb90f3513",
            "a8953636-e5fc-464a-a855-9b97971ebf8c",
            "e378b6e3-ebc9-4c60-a4c6-f6fcb76c1719"
          ],
          "pending": [],
          "skipped": [],
          "duration": 41064,
          "root": false,
          "rootEmpty": false,
          "_timeout": 2000
        },
        {
          "uuid": "cb4263a4-d809-48c2-b5fa-2a6800a82f2d",
          "title": "16 - Redirecione para a tela de detalhes da receita caso apenas uma receita seja encontrada, com o ID da mesma na URL",
          "fullFile": "",
          "file": "",
          "beforeHooks": [],
          "afterHooks": [],
          "tests": [
            {
              "title": "Caso apenas uma comida seja encontrada, deve-se ir para sua rota de detalhes",
              "fullTitle": "16 - Redirecione para a tela de detalhes da receita caso apenas uma receita seja encontrada, com o ID da mesma na URL Caso apenas uma comida seja encontrada, deve-se ir para sua rota de detalhes",
              "timedOut": null,
              "duration": 10277,
              "state": "failed",
              "speed": null,
              "pass": false,
              "fail": true,
              "pending": false,
              "context": null,
              "code": "cy.visit('http://localhost:3000/comidas', {\n  onBeforeLoad: function onBeforeLoad(win) {\n    win.fetch = fetchMock;\n  }\n});\ncy.get('[data-testid=\"search-top-btn\"]').click();\ncy.get('[data-testid=\"name-search-radio\"]').click();\ncy.get('[data-testid=\"search-input\"]').type('Arrabiata');\ncy.get('[data-testid=\"exec-search-btn\"]').click();\ncy.location().should(function (loc) {\n  return expect(loc.pathname).to.eq('/comidas/52771');\n});",
              "err": {
                "message": "CypressError: Timed out retrying: Expected to find element: '[data-testid=\"search-top-btn\"]', but never found it.",
                "estack": "CypressError: Timed out retrying: Expected to find element: '[data-testid=\"search-top-btn\"]', but never found it.\n    at Object.cypressErr (http://localhost:3000/__cypress/runner/cypress_runner.js:86207:11)\n    at Object.throwErr (http://localhost:3000/__cypress/runner/cypress_runner.js:86162:18)\n    at Object.throwErrByPath (http://localhost:3000/__cypress/runner/cypress_runner.js:86194:17)\n    at retry (http://localhost:3000/__cypress/runner/cypress_runner.js:76849:16)\n    at onFailFn (http://localhost:3000/__cypress/runner/cypress_runner.js:65634:16)\n    at tryCatcher (http://localhost:3000/__cypress/runner/cypress_runner.js:120203:23)\n    at Promise._settlePromiseFromHandler (http://localhost:3000/__cypress/runner/cypress_runner.js:118139:31)\n    at Promise._settlePromise (http://localhost:3000/__cypress/runner/cypress_runner.js:118196:18)\n    at Promise._settlePromise0 (http://localhost:3000/__cypress/runner/cypress_runner.js:118241:10)\n    at Promise._settlePromises (http://localhost:3000/__cypress/runner/cypress_runner.js:118316:18)\n    at Async../node_modules/bluebird/js/release/async.js.Async._drainQueue (http://localhost:3000/__cypress/runner/cypress_runner.js:114928:16)\n    at Async../node_modules/bluebird/js/release/async.js.Async._drainQueues (http://localhost:3000/__cypress/runner/cypress_runner.js:114938:10)\n    at Async.drainQueues (http://localhost:3000/__cypress/runner/cypress_runner.js:114812:14)",
                "diff": null
              },
              "uuid": "2a4623f9-6cbd-47cf-853f-3dbfc6c86cc9",
              "parentUUID": "cb4263a4-d809-48c2-b5fa-2a6800a82f2d",
              "isHook": false,
              "skipped": false
            },
            {
              "title": "Caso apenas uma bebida seja encontrada, deve-se ir para sua rota de detalhes",
              "fullTitle": "16 - Redirecione para a tela de detalhes da receita caso apenas uma receita seja encontrada, com o ID da mesma na URL Caso apenas uma bebida seja encontrada, deve-se ir para sua rota de detalhes",
              "timedOut": null,
              "duration": 10235,
              "state": "failed",
              "speed": null,
              "pass": false,
              "fail": true,
              "pending": false,
              "context": null,
              "code": "cy.visit('http://localhost:3000/bebidas', {\n  onBeforeLoad: function onBeforeLoad(win) {\n    win.fetch = fetchMock;\n  }\n});\ncy.get('[data-testid=\"search-top-btn\"]').click();\ncy.get('[data-testid=\"name-search-radio\"]').click();\ncy.get('[data-testid=\"search-input\"]').type('Aquamarine');\ncy.get('[data-testid=\"exec-search-btn\"]').click();\ncy.location().should(function (loc) {\n  return expect(loc.pathname).to.eq('/bebidas/178319');\n});",
              "err": {
                "message": "CypressError: Timed out retrying: Expected to find element: '[data-testid=\"search-top-btn\"]', but never found it.",
                "estack": "CypressError: Timed out retrying: Expected to find element: '[data-testid=\"search-top-btn\"]', but never found it.\n    at Object.cypressErr (http://localhost:3000/__cypress/runner/cypress_runner.js:86207:11)\n    at Object.throwErr (http://localhost:3000/__cypress/runner/cypress_runner.js:86162:18)\n    at Object.throwErrByPath (http://localhost:3000/__cypress/runner/cypress_runner.js:86194:17)\n    at retry (http://localhost:3000/__cypress/runner/cypress_runner.js:76849:16)\n    at onFailFn (http://localhost:3000/__cypress/runner/cypress_runner.js:65634:16)\n    at tryCatcher (http://localhost:3000/__cypress/runner/cypress_runner.js:120203:23)\n    at Promise._settlePromiseFromHandler (http://localhost:3000/__cypress/runner/cypress_runner.js:118139:31)\n    at Promise._settlePromise (http://localhost:3000/__cypress/runner/cypress_runner.js:118196:18)\n    at Promise._settlePromise0 (http://localhost:3000/__cypress/runner/cypress_runner.js:118241:10)\n    at Promise._settlePromises (http://localhost:3000/__cypress/runner/cypress_runner.js:118316:18)\n    at Async../node_modules/bluebird/js/release/async.js.Async._drainQueue (http://localhost:3000/__cypress/runner/cypress_runner.js:114928:16)\n    at Async../node_modules/bluebird/js/release/async.js.Async._drainQueues (http://localhost:3000/__cypress/runner/cypress_runner.js:114938:10)\n    at Async.drainQueues (http://localhost:3000/__cypress/runner/cypress_runner.js:114812:14)",
                "diff": null
              },
              "uuid": "1157b088-3b79-43e4-a560-1cd6da280063",
              "parentUUID": "cb4263a4-d809-48c2-b5fa-2a6800a82f2d",
              "isHook": false,
              "skipped": false
            }
          ],
          "suites": [],
          "passes": [],
          "failures": [
            "2a4623f9-6cbd-47cf-853f-3dbfc6c86cc9",
            "1157b088-3b79-43e4-a560-1cd6da280063"
          ],
          "pending": [],
          "skipped": [],
          "duration": 20512,
          "root": false,
          "rootEmpty": false,
          "_timeout": 2000
        },
        {
          "uuid": "d7f3ba08-75e2-4597-8f88-f0f91bfcba66",
          "title": "17 - Mostre as receitas em cards caso mais de uma receita seja encontrada",
          "fullFile": "",
          "file": "",
          "beforeHooks": [],
          "afterHooks": [],
          "tests": [
            {
              "title": "Caso mais de uma comida seja encontrada, mostrar as 12 primeiras",
              "fullTitle": "17 - Mostre as receitas em cards caso mais de uma receita seja encontrada Caso mais de uma comida seja encontrada, mostrar as 12 primeiras",
              "timedOut": null,
              "duration": 10437,
              "state": "failed",
              "speed": null,
              "pass": false,
              "fail": true,
              "pending": false,
              "context": null,
              "code": "cy.visit('http://localhost:3000/comidas', {\n  onBeforeLoad: function onBeforeLoad(win) {\n    win.fetch = fetchMock;\n  }\n});\ncy.get('[data-testid=\"search-top-btn\"]').click();\ncy.get('[data-testid=\"name-search-radio\"]').click();\ncy.get('[data-testid=\"search-input\"]').type('soup');\ncy.get('[data-testid=\"exec-search-btn\"]').click();\nsoupMeals.meals.forEach(function (meal, index) {\n  cy.get(\"[data-testid=\\\"\".concat(index, \"-recipe-card\\\"]\"));\n  cy.get(\"[data-testid=\\\"\".concat(index, \"-card-img\\\"]\")).should('have.attr', 'src').should('include', meal['strMealThumb']);\n  cy.get(\"[data-testid=\\\"\".concat(index, \"-card-name\\\"]\")).contains(meal['strMeal']);\n});\ncy.get('[data-testid=\"10-recipe-card\"]').should('not.exist');\ncy.get('[data-testid=\"10-card-img\"]').should('not.exist');\ncy.get('[data-testid=\"10-card-name\"]').should('not.exist');",
              "err": {
                "message": "CypressError: Timed out retrying: Expected to find element: '[data-testid=\"search-top-btn\"]', but never found it.",
                "estack": "CypressError: Timed out retrying: Expected to find element: '[data-testid=\"search-top-btn\"]', but never found it.\n    at Object.cypressErr (http://localhost:3000/__cypress/runner/cypress_runner.js:86207:11)\n    at Object.throwErr (http://localhost:3000/__cypress/runner/cypress_runner.js:86162:18)\n    at Object.throwErrByPath (http://localhost:3000/__cypress/runner/cypress_runner.js:86194:17)\n    at retry (http://localhost:3000/__cypress/runner/cypress_runner.js:76849:16)\n    at onFailFn (http://localhost:3000/__cypress/runner/cypress_runner.js:65634:16)\n    at tryCatcher (http://localhost:3000/__cypress/runner/cypress_runner.js:120203:23)\n    at Promise._settlePromiseFromHandler (http://localhost:3000/__cypress/runner/cypress_runner.js:118139:31)\n    at Promise._settlePromise (http://localhost:3000/__cypress/runner/cypress_runner.js:118196:18)\n    at Promise._settlePromise0 (http://localhost:3000/__cypress/runner/cypress_runner.js:118241:10)\n    at Promise._settlePromises (http://localhost:3000/__cypress/runner/cypress_runner.js:118316:18)\n    at Async../node_modules/bluebird/js/release/async.js.Async._drainQueue (http://localhost:3000/__cypress/runner/cypress_runner.js:114928:16)\n    at Async../node_modules/bluebird/js/release/async.js.Async._drainQueues (http://localhost:3000/__cypress/runner/cypress_runner.js:114938:10)\n    at Async.drainQueues (http://localhost:3000/__cypress/runner/cypress_runner.js:114812:14)",
                "diff": null
              },
              "uuid": "ad174bfd-4513-42ee-9d30-44d96dbeb58e",
              "parentUUID": "d7f3ba08-75e2-4597-8f88-f0f91bfcba66",
              "isHook": false,
              "skipped": false
            },
            {
              "title": "Caso mais de uma bebida seja encontrada, mostrar as 12 primeiras",
              "fullTitle": "17 - Mostre as receitas em cards caso mais de uma receita seja encontrada Caso mais de uma bebida seja encontrada, mostrar as 12 primeiras",
              "timedOut": null,
              "duration": 10225,
              "state": "failed",
              "speed": null,
              "pass": false,
              "fail": true,
              "pending": false,
              "context": null,
              "code": "cy.visit('http://localhost:3000/bebidas', {\n  onBeforeLoad: function onBeforeLoad(win) {\n    win.fetch = fetchMock;\n  }\n});\ncy.get('[data-testid=\"search-top-btn\"]').click();\ncy.get('[data-testid=\"name-search-radio\"]').click();\ncy.get('[data-testid=\"search-input\"]').type('gin');\ncy.get('[data-testid=\"exec-search-btn\"]').click();\nginDrinks.drinks.slice(0, 12).forEach(function (drink, index) {\n  cy.get(\"[data-testid=\\\"\".concat(index, \"-recipe-card\\\"]\"));\n  cy.get(\"[data-testid=\\\"\".concat(index, \"-card-img\\\"]\")).should('have.attr', 'src').should('include', drink['strDrinkThumb']);\n  cy.get(\"[data-testid=\\\"\".concat(index, \"-card-name\\\"]\")).contains(drink['strDrink']);\n});\ncy.get('[data-testid=\"12-recipe-card\"]').should('not.exist');\ncy.get('[data-testid=\"12-card-img\"]').should('not.exist');\ncy.get('[data-testid=\"12-card-name\"]').should('not.exist');",
              "err": {
                "message": "CypressError: Timed out retrying: Expected to find element: '[data-testid=\"search-top-btn\"]', but never found it.",
                "estack": "CypressError: Timed out retrying: Expected to find element: '[data-testid=\"search-top-btn\"]', but never found it.\n    at Object.cypressErr (http://localhost:3000/__cypress/runner/cypress_runner.js:86207:11)\n    at Object.throwErr (http://localhost:3000/__cypress/runner/cypress_runner.js:86162:18)\n    at Object.throwErrByPath (http://localhost:3000/__cypress/runner/cypress_runner.js:86194:17)\n    at retry (http://localhost:3000/__cypress/runner/cypress_runner.js:76849:16)\n    at onFailFn (http://localhost:3000/__cypress/runner/cypress_runner.js:65634:16)\n    at tryCatcher (http://localhost:3000/__cypress/runner/cypress_runner.js:120203:23)\n    at Promise._settlePromiseFromHandler (http://localhost:3000/__cypress/runner/cypress_runner.js:118139:31)\n    at Promise._settlePromise (http://localhost:3000/__cypress/runner/cypress_runner.js:118196:18)\n    at Promise._settlePromise0 (http://localhost:3000/__cypress/runner/cypress_runner.js:118241:10)\n    at Promise._settlePromises (http://localhost:3000/__cypress/runner/cypress_runner.js:118316:18)\n    at Async../node_modules/bluebird/js/release/async.js.Async._drainQueue (http://localhost:3000/__cypress/runner/cypress_runner.js:114928:16)\n    at Async../node_modules/bluebird/js/release/async.js.Async._drainQueues (http://localhost:3000/__cypress/runner/cypress_runner.js:114938:10)\n    at Async.drainQueues (http://localhost:3000/__cypress/runner/cypress_runner.js:114812:14)",
                "diff": null
              },
              "uuid": "111a64ef-3cef-4515-b9b1-97ebe50aa145",
              "parentUUID": "d7f3ba08-75e2-4597-8f88-f0f91bfcba66",
              "isHook": false,
              "skipped": false
            }
          ],
          "suites": [],
          "passes": [],
          "failures": [
            "ad174bfd-4513-42ee-9d30-44d96dbeb58e",
            "111a64ef-3cef-4515-b9b1-97ebe50aa145"
          ],
          "pending": [],
          "skipped": [],
          "duration": 20662,
          "root": false,
          "rootEmpty": false,
          "_timeout": 2000
        },
        {
          "uuid": "30a93440-07e6-414f-a9fc-fee6a10d481a",
          "title": "18 - Exiba um `alert` caso nenhuma receita seja encontrada",
          "fullFile": "",
          "file": "",
          "beforeHooks": [],
          "afterHooks": [],
          "tests": [
            {
              "title": "Caso nenhuma comida seja encontrada o alert deve ser exibido",
              "fullTitle": "18 - Exiba um `alert` caso nenhuma receita seja encontrada Caso nenhuma comida seja encontrada o alert deve ser exibido",
              "timedOut": null,
              "duration": 10252,
              "state": "failed",
              "speed": null,
              "pass": false,
              "fail": true,
              "pending": false,
              "context": null,
              "code": "cy.visit('http://localhost:3000/comidas', {\n  onBeforeLoad: function onBeforeLoad(win) {\n    win.fetch = fetchMock;\n    cy.spy(win, 'alert');\n  }\n});\ncy.get('[data-testid=\"search-top-btn\"]').click();\ncy.get('[data-testid=\"name-search-radio\"]').click();\ncy.get('[data-testid=\"search-input\"]').type('xablau');\ncy.get('[data-testid=\"exec-search-btn\"]').click();\ncy.window().its('alert').should('be.calledWith', 'Sinto muito, não encontramos nenhuma receita para esses filtros.');",
              "err": {
                "message": "CypressError: Timed out retrying: Expected to find element: '[data-testid=\"search-top-btn\"]', but never found it.",
                "estack": "CypressError: Timed out retrying: Expected to find element: '[data-testid=\"search-top-btn\"]', but never found it.\n    at Object.cypressErr (http://localhost:3000/__cypress/runner/cypress_runner.js:86207:11)\n    at Object.throwErr (http://localhost:3000/__cypress/runner/cypress_runner.js:86162:18)\n    at Object.throwErrByPath (http://localhost:3000/__cypress/runner/cypress_runner.js:86194:17)\n    at retry (http://localhost:3000/__cypress/runner/cypress_runner.js:76849:16)\n    at onFailFn (http://localhost:3000/__cypress/runner/cypress_runner.js:65634:16)\n    at tryCatcher (http://localhost:3000/__cypress/runner/cypress_runner.js:120203:23)\n    at Promise._settlePromiseFromHandler (http://localhost:3000/__cypress/runner/cypress_runner.js:118139:31)\n    at Promise._settlePromise (http://localhost:3000/__cypress/runner/cypress_runner.js:118196:18)\n    at Promise._settlePromise0 (http://localhost:3000/__cypress/runner/cypress_runner.js:118241:10)\n    at Promise._settlePromises (http://localhost:3000/__cypress/runner/cypress_runner.js:118316:18)\n    at Async../node_modules/bluebird/js/release/async.js.Async._drainQueue (http://localhost:3000/__cypress/runner/cypress_runner.js:114928:16)\n    at Async../node_modules/bluebird/js/release/async.js.Async._drainQueues (http://localhost:3000/__cypress/runner/cypress_runner.js:114938:10)\n    at Async.drainQueues (http://localhost:3000/__cypress/runner/cypress_runner.js:114812:14)",
                "diff": null
              },
              "uuid": "ceff6873-15dd-4a07-924a-f7afd9bd2a95",
              "parentUUID": "30a93440-07e6-414f-a9fc-fee6a10d481a",
              "isHook": false,
              "skipped": false
            },
            {
              "title": "Caso nenhuma bebida seja encontrada o alert deve ser exibido",
              "fullTitle": "18 - Exiba um `alert` caso nenhuma receita seja encontrada Caso nenhuma bebida seja encontrada o alert deve ser exibido",
              "timedOut": null,
              "duration": 10224,
              "state": "failed",
              "speed": null,
              "pass": false,
              "fail": true,
              "pending": false,
              "context": null,
              "code": "cy.visit('http://localhost:3000/bebidas', {\n  onBeforeLoad: function onBeforeLoad(win) {\n    win.fetch = fetchMock;\n    cy.spy(win, 'alert');\n  }\n});\ncy.get('[data-testid=\"search-top-btn\"]').click();\ncy.get('[data-testid=\"name-search-radio\"]').click();\ncy.get('[data-testid=\"search-input\"]').type('xablau');\ncy.get('[data-testid=\"exec-search-btn\"]').click();\ncy.window().its('alert').should('be.calledWith', 'Sinto muito, não encontramos nenhuma receita para esses filtros.');",
              "err": {
                "message": "CypressError: Timed out retrying: Expected to find element: '[data-testid=\"search-top-btn\"]', but never found it.",
                "estack": "CypressError: Timed out retrying: Expected to find element: '[data-testid=\"search-top-btn\"]', but never found it.\n    at Object.cypressErr (http://localhost:3000/__cypress/runner/cypress_runner.js:86207:11)\n    at Object.throwErr (http://localhost:3000/__cypress/runner/cypress_runner.js:86162:18)\n    at Object.throwErrByPath (http://localhost:3000/__cypress/runner/cypress_runner.js:86194:17)\n    at retry (http://localhost:3000/__cypress/runner/cypress_runner.js:76849:16)\n    at onFailFn (http://localhost:3000/__cypress/runner/cypress_runner.js:65634:16)\n    at tryCatcher (http://localhost:3000/__cypress/runner/cypress_runner.js:120203:23)\n    at Promise._settlePromiseFromHandler (http://localhost:3000/__cypress/runner/cypress_runner.js:118139:31)\n    at Promise._settlePromise (http://localhost:3000/__cypress/runner/cypress_runner.js:118196:18)\n    at Promise._settlePromise0 (http://localhost:3000/__cypress/runner/cypress_runner.js:118241:10)\n    at Promise._settlePromises (http://localhost:3000/__cypress/runner/cypress_runner.js:118316:18)\n    at Async../node_modules/bluebird/js/release/async.js.Async._drainQueue (http://localhost:3000/__cypress/runner/cypress_runner.js:114928:16)\n    at Async../node_modules/bluebird/js/release/async.js.Async._drainQueues (http://localhost:3000/__cypress/runner/cypress_runner.js:114938:10)\n    at Async.drainQueues (http://localhost:3000/__cypress/runner/cypress_runner.js:114812:14)",
                "diff": null
              },
              "uuid": "061297bb-c59a-40c1-8a8e-de78be37c31e",
              "parentUUID": "30a93440-07e6-414f-a9fc-fee6a10d481a",
              "isHook": false,
              "skipped": false
            }
          ],
          "suites": [],
          "passes": [],
          "failures": [
            "ceff6873-15dd-4a07-924a-f7afd9bd2a95",
            "061297bb-c59a-40c1-8a8e-de78be37c31e"
          ],
          "pending": [],
          "skipped": [],
          "duration": 20476,
          "root": false,
          "rootEmpty": false,
          "_timeout": 2000
        }
      ],
      "passes": [],
      "failures": [],
      "pending": [],
      "skipped": [],
      "duration": 0,
      "root": true,
      "rootEmpty": true,
      "_timeout": 2000
    }
  ],
  "meta": {
    "mocha": {
      "version": "8.2.1"
    },
    "mochawesome": {
      "options": {
        "quiet": false,
        "reportFilename": "mochawesome",
        "saveHtml": false,
        "saveJson": true,
        "consoleReporter": "spec",
        "useInlineDiffs": false,
        "code": true
      },
      "version": "6.2.1"
    },
    "marge": {
      "options": {
        "id": "default",
        "reportDir": "cypress/reports",
        "overwrite": false,
        "html": false,
        "json": true
      },
      "version": "5.1.0"
    }
  }
}