{
  "stats": {
    "suites": 6,
    "tests": 15,
    "passes": 11,
    "pending": 0,
    "failures": 4,
    "start": "2021-09-22T14:59:51.219Z",
    "end": "2021-09-22T15:00:21.274Z",
    "duration": 30055,
    "testsRegistered": 15,
    "passPercent": 73.33333333333333,
    "pendingPercent": 0,
    "other": 0,
    "hasOther": false,
    "skipped": 0,
    "hasSkipped": false
  },
  "results": [
    {
      "uuid": "378b4f4e-1dff-4266-9f3d-c86d92c1ec5d",
      "title": "",
      "fullFile": "cypress/integration/header_search_bar_spec.js",
      "file": "cypress/integration/header_search_bar_spec.js",
      "beforeHooks": [],
      "afterHooks": [],
      "tests": [],
      "suites": [
        {
          "uuid": "69b11dc8-0652-47da-a322-0b87166bc3f5",
          "title": "13 - Implemente os elementos da barra de busca respeitando os atributos descritos no protótipo",
          "fullFile": "",
          "file": "",
          "beforeHooks": [],
          "afterHooks": [],
          "tests": [
            {
              "title": "Tem os data-testids tanto da barra de busca quanto de todos os radio-buttons",
              "fullTitle": "13 - Implemente os elementos da barra de busca respeitando os atributos descritos no protótipo Tem os data-testids tanto da barra de busca quanto de todos os radio-buttons",
              "timedOut": null,
              "duration": 458,
              "state": "passed",
              "speed": "slow",
              "pass": true,
              "fail": false,
              "pending": false,
              "context": null,
              "code": "cy.visit('http://localhost:3000/comidas');\ncy.get('[data-testid=\"search-top-btn\"]').click();\ncy.get('[data-testid=\"search-input\"]');\ncy.get('[data-testid=\"ingredient-search-radio\"]');\ncy.get('[data-testid=\"name-search-radio\"]');\ncy.get('[data-testid=\"first-letter-search-radio\"]');\ncy.get('[data-testid=\"exec-search-btn\"]');",
              "err": {},
              "uuid": "2f5a0222-3673-4a0a-94dd-f9facbb6450e",
              "parentUUID": "69b11dc8-0652-47da-a322-0b87166bc3f5",
              "isHook": false,
              "skipped": false
            }
          ],
          "suites": [],
          "passes": [
            "2f5a0222-3673-4a0a-94dd-f9facbb6450e"
          ],
          "failures": [],
          "pending": [],
          "skipped": [],
          "duration": 458,
          "root": false,
          "rootEmpty": false,
          "_timeout": 2000
        },
        {
          "uuid": "fc532a6d-33cc-4c5f-a9a1-5ffe77fb23f7",
          "title": "14 - Posicione a barra logo abaixo do header e implemente 3 radio buttons: Ingrediente, Nome e Primeira letra",
          "fullFile": "",
          "file": "",
          "beforeHooks": [],
          "afterHooks": [],
          "tests": [
            {
              "title": "Se o radio selecionado for Ingrediente, a busca na API é feita corretamente pelo ingrediente",
              "fullTitle": "14 - Posicione a barra logo abaixo do header e implemente 3 radio buttons: Ingrediente, Nome e Primeira letra Se o radio selecionado for Ingrediente, a busca na API é feita corretamente pelo ingrediente",
              "timedOut": null,
              "duration": 617,
              "state": "passed",
              "speed": "slow",
              "pass": true,
              "fail": false,
              "pending": false,
              "context": null,
              "code": "cy.visit('http://localhost:3000/comidas', {\n  onBeforeLoad: function onBeforeLoad(win) {\n    cy.spy(win, 'fetch');\n  }\n});\ncy.get('[data-testid=\"search-top-btn\"]').click();\ncy.get('[data-testid=\"ingredient-search-radio\"]').click();\ncy.get('[data-testid=\"search-input\"]').type('chicken');\ncy.get('[data-testid=\"exec-search-btn\"]').click();\ncy.window().its('fetch').should('be.calledWith', 'https://www.themealdb.com/api/json/v1/1/filter.php?i=chicken');",
              "err": {},
              "uuid": "2f038879-6c02-47c2-b722-d49dd0bf85da",
              "parentUUID": "fc532a6d-33cc-4c5f-a9a1-5ffe77fb23f7",
              "isHook": false,
              "skipped": false
            },
            {
              "title": "Se o radio selecionado for Nome, a busca na API é feita corretamente pelo nome",
              "fullTitle": "14 - Posicione a barra logo abaixo do header e implemente 3 radio buttons: Ingrediente, Nome e Primeira letra Se o radio selecionado for Nome, a busca na API é feita corretamente pelo nome",
              "timedOut": null,
              "duration": 578,
              "state": "passed",
              "speed": "slow",
              "pass": true,
              "fail": false,
              "pending": false,
              "context": null,
              "code": "cy.visit('http://localhost:3000/comidas', {\n  onBeforeLoad: function onBeforeLoad(win) {\n    cy.spy(win, 'fetch');\n  }\n});\ncy.get('[data-testid=\"search-top-btn\"]').click();\ncy.get('[data-testid=\"name-search-radio\"]').click();\ncy.get('[data-testid=\"search-input\"]').type('soup');\ncy.get('[data-testid=\"exec-search-btn\"]').click();\ncy.window().its('fetch').should('be.calledWith', 'https://www.themealdb.com/api/json/v1/1/search.php?s=soup');",
              "err": {},
              "uuid": "8b0a7578-9e83-4e91-8911-dcc75a95994f",
              "parentUUID": "fc532a6d-33cc-4c5f-a9a1-5ffe77fb23f7",
              "isHook": false,
              "skipped": false
            },
            {
              "title": "Se o radio selecionado for Primeira letra, a busca na API é feita corretamente pelo primeira letra",
              "fullTitle": "14 - Posicione a barra logo abaixo do header e implemente 3 radio buttons: Ingrediente, Nome e Primeira letra Se o radio selecionado for Primeira letra, a busca na API é feita corretamente pelo primeira letra",
              "timedOut": null,
              "duration": 529,
              "state": "passed",
              "speed": "slow",
              "pass": true,
              "fail": false,
              "pending": false,
              "context": null,
              "code": "cy.visit('http://localhost:3000/comidas', {\n  onBeforeLoad: function onBeforeLoad(win) {\n    cy.spy(win, 'fetch');\n  }\n});\ncy.get('[data-testid=\"search-top-btn\"]').click();\ncy.get('[data-testid=\"first-letter-search-radio\"]').click();\ncy.get('[data-testid=\"search-input\"]').type('a');\ncy.get('[data-testid=\"exec-search-btn\"]').click();\ncy.window().its('fetch').should('be.calledWith', 'https://www.themealdb.com/api/json/v1/1/search.php?f=a');",
              "err": {},
              "uuid": "2bb21df4-8884-40e0-96a4-240c457e9b7e",
              "parentUUID": "fc532a6d-33cc-4c5f-a9a1-5ffe77fb23f7",
              "isHook": false,
              "skipped": false
            },
            {
              "title": "Se o radio selecionado for Primeira letra e a busca na API for feita com mais de uma letra, deve-se exibir um alert",
              "fullTitle": "14 - Posicione a barra logo abaixo do header e implemente 3 radio buttons: Ingrediente, Nome e Primeira letra Se o radio selecionado for Primeira letra e a busca na API for feita com mais de uma letra, deve-se exibir um alert",
              "timedOut": null,
              "duration": 525,
              "state": "passed",
              "speed": "slow",
              "pass": true,
              "fail": false,
              "pending": false,
              "context": null,
              "code": "cy.visit('http://localhost:3000/comidas', {\n  onBeforeLoad: function onBeforeLoad(win) {\n    cy.spy(win, 'alert');\n  }\n});\ncy.get('[data-testid=\"search-top-btn\"]').click();\ncy.get('[data-testid=\"first-letter-search-radio\"]').click();\ncy.get('[data-testid=\"search-input\"]').type('aaa');\ncy.get('[data-testid=\"exec-search-btn\"]').click();\ncy.window().its('alert').should('be.calledWith', 'Sua busca deve conter somente 1 (um) caracter');",
              "err": {},
              "uuid": "83c9a3d1-b6c4-4601-839f-d1c738f4ab08",
              "parentUUID": "fc532a6d-33cc-4c5f-a9a1-5ffe77fb23f7",
              "isHook": false,
              "skipped": false
            }
          ],
          "suites": [],
          "passes": [
            "2f038879-6c02-47c2-b722-d49dd0bf85da",
            "8b0a7578-9e83-4e91-8911-dcc75a95994f",
            "2bb21df4-8884-40e0-96a4-240c457e9b7e",
            "83c9a3d1-b6c4-4601-839f-d1c738f4ab08"
          ],
          "failures": [],
          "pending": [],
          "skipped": [],
          "duration": 2249,
          "root": false,
          "rootEmpty": false,
          "_timeout": 2000
        },
        {
          "uuid": "bbfa4fbe-1bdd-4351-8d17-005345a5f6f4",
          "title": "15 - Busque na API de comidas caso a pessoa esteja na página de comidas e na de bebidas caso esteja na de bebidas",
          "fullFile": "",
          "file": "",
          "beforeHooks": [],
          "afterHooks": [],
          "tests": [
            {
              "title": "Na tela de bebidas, se o radio selecionado for Ingrediente, a busca na API é feita corretamente pelo ingrediente",
              "fullTitle": "15 - Busque na API de comidas caso a pessoa esteja na página de comidas e na de bebidas caso esteja na de bebidas Na tela de bebidas, se o radio selecionado for Ingrediente, a busca na API é feita corretamente pelo ingrediente",
              "timedOut": null,
              "duration": 591,
              "state": "passed",
              "speed": "slow",
              "pass": true,
              "fail": false,
              "pending": false,
              "context": null,
              "code": "cy.visit('http://localhost:3000/bebidas', {\n  onBeforeLoad: function onBeforeLoad(win) {\n    cy.spy(win, 'fetch');\n  }\n});\ncy.get('[data-testid=\"search-top-btn\"]').click();\ncy.get('[data-testid=\"ingredient-search-radio\"]').click();\ncy.get('[data-testid=\"search-input\"]').type('lemon');\ncy.get('[data-testid=\"exec-search-btn\"]').click();\ncy.window().its('fetch').should('be.calledWith', 'https://www.thecocktaildb.com/api/json/v1/1/filter.php?i=lemon');",
              "err": {},
              "uuid": "07618ad7-bb50-4ad4-ac7e-a0b0302156b4",
              "parentUUID": "bbfa4fbe-1bdd-4351-8d17-005345a5f6f4",
              "isHook": false,
              "skipped": false
            },
            {
              "title": "Na tela de bebidas, se o radio selecionado for Nome, a busca na API é feita corretamente pelo nome",
              "fullTitle": "15 - Busque na API de comidas caso a pessoa esteja na página de comidas e na de bebidas caso esteja na de bebidas Na tela de bebidas, se o radio selecionado for Nome, a busca na API é feita corretamente pelo nome",
              "timedOut": null,
              "duration": 578,
              "state": "passed",
              "speed": "slow",
              "pass": true,
              "fail": false,
              "pending": false,
              "context": null,
              "code": "cy.visit('http://localhost:3000/bebidas', {\n  onBeforeLoad: function onBeforeLoad(win) {\n    cy.spy(win, 'fetch');\n  }\n});\ncy.get('[data-testid=\"search-top-btn\"]').click();\ncy.get('[data-testid=\"name-search-radio\"]').click();\ncy.get('[data-testid=\"search-input\"]').type('gin');\ncy.get('[data-testid=\"exec-search-btn\"]').click();\ncy.window().its('fetch').should('be.calledWith', 'https://www.thecocktaildb.com/api/json/v1/1/search.php?s=gin');",
              "err": {},
              "uuid": "59e12966-483f-4c44-97bd-e09429f69889",
              "parentUUID": "bbfa4fbe-1bdd-4351-8d17-005345a5f6f4",
              "isHook": false,
              "skipped": false
            },
            {
              "title": "Na tela de bebidas, se o radio selecionado for Primeira letra, a busca na API é feita corretamente pelo primeira letra",
              "fullTitle": "15 - Busque na API de comidas caso a pessoa esteja na página de comidas e na de bebidas caso esteja na de bebidas Na tela de bebidas, se o radio selecionado for Primeira letra, a busca na API é feita corretamente pelo primeira letra",
              "timedOut": null,
              "duration": 530,
              "state": "passed",
              "speed": "slow",
              "pass": true,
              "fail": false,
              "pending": false,
              "context": null,
              "code": "cy.visit('http://localhost:3000/bebidas', {\n  onBeforeLoad: function onBeforeLoad(win) {\n    cy.spy(win, 'fetch');\n  }\n});\ncy.get('[data-testid=\"search-top-btn\"]').click();\ncy.get('[data-testid=\"first-letter-search-radio\"]').click();\ncy.get('[data-testid=\"search-input\"]').type('a');\ncy.get('[data-testid=\"exec-search-btn\"]').click();\ncy.window().its('fetch').should('be.calledWith', 'https://www.thecocktaildb.com/api/json/v1/1/search.php?f=a');",
              "err": {},
              "uuid": "a8f2f5e2-3d16-454b-baf9-f330b5969217",
              "parentUUID": "bbfa4fbe-1bdd-4351-8d17-005345a5f6f4",
              "isHook": false,
              "skipped": false
            },
            {
              "title": "Na tela de bebidas, se o radio selecionado for Primeira letra e a busca na API for feita com mais de uma letra, deve-se exibir um alert",
              "fullTitle": "15 - Busque na API de comidas caso a pessoa esteja na página de comidas e na de bebidas caso esteja na de bebidas Na tela de bebidas, se o radio selecionado for Primeira letra e a busca na API for feita com mais de uma letra, deve-se exibir um alert",
              "timedOut": null,
              "duration": 541,
              "state": "passed",
              "speed": "slow",
              "pass": true,
              "fail": false,
              "pending": false,
              "context": null,
              "code": "cy.visit('http://localhost:3000/bebidas', {\n  onBeforeLoad: function onBeforeLoad(win) {\n    cy.spy(win, 'alert');\n  }\n});\ncy.get('[data-testid=\"search-top-btn\"]').click();\ncy.get('[data-testid=\"first-letter-search-radio\"]').click();\ncy.get('[data-testid=\"search-input\"]').type('aaa');\ncy.get('[data-testid=\"exec-search-btn\"]').click();\ncy.window().its('alert').should('be.calledWith', 'Sua busca deve conter somente 1 (um) caracter');",
              "err": {},
              "uuid": "3711c080-5fe7-4ae2-be78-5cc7e5054dcc",
              "parentUUID": "bbfa4fbe-1bdd-4351-8d17-005345a5f6f4",
              "isHook": false,
              "skipped": false
            }
          ],
          "suites": [],
          "passes": [
            "07618ad7-bb50-4ad4-ac7e-a0b0302156b4",
            "59e12966-483f-4c44-97bd-e09429f69889",
            "a8f2f5e2-3d16-454b-baf9-f330b5969217",
            "3711c080-5fe7-4ae2-be78-5cc7e5054dcc"
          ],
          "failures": [],
          "pending": [],
          "skipped": [],
          "duration": 2240,
          "root": false,
          "rootEmpty": false,
          "_timeout": 2000
        },
        {
          "uuid": "f1f88a4e-e874-4f87-bc33-a05cea5f93d0",
          "title": "16 - Redirecione para a tela de detalhes da receita caso apenas uma receita seja encontrada, com o ID da mesma na URL",
          "fullFile": "",
          "file": "",
          "beforeHooks": [],
          "afterHooks": [],
          "tests": [
            {
              "title": "Caso apenas uma comida seja encontrada, deve-se ir para sua rota de detalhes",
              "fullTitle": "16 - Redirecione para a tela de detalhes da receita caso apenas uma receita seja encontrada, com o ID da mesma na URL Caso apenas uma comida seja encontrada, deve-se ir para sua rota de detalhes",
              "timedOut": null,
              "duration": 660,
              "state": "passed",
              "speed": "slow",
              "pass": true,
              "fail": false,
              "pending": false,
              "context": null,
              "code": "cy.visit('http://localhost:3000/comidas', {\n  onBeforeLoad: function onBeforeLoad(win) {\n    win.fetch = fetchMock;\n  }\n});\ncy.get('[data-testid=\"search-top-btn\"]').click();\ncy.get('[data-testid=\"name-search-radio\"]').click();\ncy.get('[data-testid=\"search-input\"]').type('Arrabiata');\ncy.get('[data-testid=\"exec-search-btn\"]').click();\ncy.location().should(function (loc) {\n  return expect(loc.pathname).to.eq('/comidas/52771');\n});",
              "err": {},
              "uuid": "915062ea-e6cf-4397-b05a-241528356b83",
              "parentUUID": "f1f88a4e-e874-4f87-bc33-a05cea5f93d0",
              "isHook": false,
              "skipped": false
            },
            {
              "title": "Caso apenas uma bebida seja encontrada, deve-se ir para sua rota de detalhes",
              "fullTitle": "16 - Redirecione para a tela de detalhes da receita caso apenas uma receita seja encontrada, com o ID da mesma na URL Caso apenas uma bebida seja encontrada, deve-se ir para sua rota de detalhes",
              "timedOut": null,
              "duration": 645,
              "state": "passed",
              "speed": "slow",
              "pass": true,
              "fail": false,
              "pending": false,
              "context": null,
              "code": "cy.visit('http://localhost:3000/bebidas', {\n  onBeforeLoad: function onBeforeLoad(win) {\n    win.fetch = fetchMock;\n  }\n});\ncy.get('[data-testid=\"search-top-btn\"]').click();\ncy.get('[data-testid=\"name-search-radio\"]').click();\ncy.get('[data-testid=\"search-input\"]').type('Aquamarine');\ncy.get('[data-testid=\"exec-search-btn\"]').click();\ncy.location().should(function (loc) {\n  return expect(loc.pathname).to.eq('/bebidas/178319');\n});",
              "err": {},
              "uuid": "f6fce54c-a8d4-4e9c-a71a-d3902e4825ac",
              "parentUUID": "f1f88a4e-e874-4f87-bc33-a05cea5f93d0",
              "isHook": false,
              "skipped": false
            }
          ],
          "suites": [],
          "passes": [
            "915062ea-e6cf-4397-b05a-241528356b83",
            "f6fce54c-a8d4-4e9c-a71a-d3902e4825ac"
          ],
          "failures": [],
          "pending": [],
          "skipped": [],
          "duration": 1305,
          "root": false,
          "rootEmpty": false,
          "_timeout": 2000
        },
        {
          "uuid": "cbb7ad29-6b3d-4fbd-a54a-89d833b0bc02",
          "title": "17 - Mostre as receitas em cards caso mais de uma receita seja encontrada",
          "fullFile": "",
          "file": "",
          "beforeHooks": [],
          "afterHooks": [],
          "tests": [
            {
              "title": "Caso mais de uma comida seja encontrada, mostrar as 12 primeiras",
              "fullTitle": "17 - Mostre as receitas em cards caso mais de uma receita seja encontrada Caso mais de uma comida seja encontrada, mostrar as 12 primeiras",
              "timedOut": null,
              "duration": 10769,
              "state": "failed",
              "speed": null,
              "pass": false,
              "fail": true,
              "pending": false,
              "context": null,
              "code": "cy.visit('http://localhost:3000/comidas', {\n  onBeforeLoad: function onBeforeLoad(win) {\n    win.fetch = fetchMock;\n  }\n});\ncy.get('[data-testid=\"search-top-btn\"]').click();\ncy.get('[data-testid=\"name-search-radio\"]').click();\ncy.get('[data-testid=\"search-input\"]').type('soup');\ncy.get('[data-testid=\"exec-search-btn\"]').click();\nsoupMeals.meals.forEach(function (meal, index) {\n  cy.get(\"[data-testid=\\\"\".concat(index, \"-recipe-card\\\"]\"));\n  cy.get(\"[data-testid=\\\"\".concat(index, \"-card-img\\\"]\")).should('have.attr', 'src').should('include', meal['strMealThumb']);\n  cy.get(\"[data-testid=\\\"\".concat(index, \"-card-name\\\"]\")).contains(meal['strMeal']);\n});\ncy.get('[data-testid=\"10-recipe-card\"]').should('not.exist');\ncy.get('[data-testid=\"10-card-img\"]').should('not.exist');\ncy.get('[data-testid=\"10-card-name\"]').should('not.exist');",
              "err": {
                "message": "CypressError: Timed out retrying: Expected to find element: '[data-testid=\"0-card-name\"]', but never found it.",
                "estack": "CypressError: Timed out retrying: Expected to find element: '[data-testid=\"0-card-name\"]', but never found it.\n    at Object.cypressErr (http://localhost:3000/__cypress/runner/cypress_runner.js:86207:11)\n    at Object.throwErr (http://localhost:3000/__cypress/runner/cypress_runner.js:86162:18)\n    at Object.throwErrByPath (http://localhost:3000/__cypress/runner/cypress_runner.js:86194:17)\n    at retry (http://localhost:3000/__cypress/runner/cypress_runner.js:76849:16)\n    at onFailFn (http://localhost:3000/__cypress/runner/cypress_runner.js:65634:16)\n    at tryCatcher (http://localhost:3000/__cypress/runner/cypress_runner.js:120203:23)\n    at Promise._settlePromiseFromHandler (http://localhost:3000/__cypress/runner/cypress_runner.js:118139:31)\n    at Promise._settlePromise (http://localhost:3000/__cypress/runner/cypress_runner.js:118196:18)\n    at Promise._settlePromise0 (http://localhost:3000/__cypress/runner/cypress_runner.js:118241:10)\n    at Promise._settlePromises (http://localhost:3000/__cypress/runner/cypress_runner.js:118316:18)\n    at Async../node_modules/bluebird/js/release/async.js.Async._drainQueue (http://localhost:3000/__cypress/runner/cypress_runner.js:114928:16)\n    at Async../node_modules/bluebird/js/release/async.js.Async._drainQueues (http://localhost:3000/__cypress/runner/cypress_runner.js:114938:10)\n    at Async.drainQueues (http://localhost:3000/__cypress/runner/cypress_runner.js:114812:14)",
                "diff": null
              },
              "uuid": "06738e7a-b770-4210-b396-4f39ba1c1daa",
              "parentUUID": "cbb7ad29-6b3d-4fbd-a54a-89d833b0bc02",
              "isHook": false,
              "skipped": false
            },
            {
              "title": "Caso mais de uma bebida seja encontrada, mostrar as 12 primeiras",
              "fullTitle": "17 - Mostre as receitas em cards caso mais de uma receita seja encontrada Caso mais de uma bebida seja encontrada, mostrar as 12 primeiras",
              "timedOut": null,
              "duration": 10747,
              "state": "failed",
              "speed": null,
              "pass": false,
              "fail": true,
              "pending": false,
              "context": null,
              "code": "cy.visit('http://localhost:3000/bebidas', {\n  onBeforeLoad: function onBeforeLoad(win) {\n    win.fetch = fetchMock;\n  }\n});\ncy.get('[data-testid=\"search-top-btn\"]').click();\ncy.get('[data-testid=\"name-search-radio\"]').click();\ncy.get('[data-testid=\"search-input\"]').type('gin');\ncy.get('[data-testid=\"exec-search-btn\"]').click();\nginDrinks.drinks.slice(0, 12).forEach(function (drink, index) {\n  cy.get(\"[data-testid=\\\"\".concat(index, \"-recipe-card\\\"]\"));\n  cy.get(\"[data-testid=\\\"\".concat(index, \"-card-img\\\"]\")).should('have.attr', 'src').should('include', drink['strDrinkThumb']);\n  cy.get(\"[data-testid=\\\"\".concat(index, \"-card-name\\\"]\")).contains(drink['strDrink']);\n});\ncy.get('[data-testid=\"12-recipe-card\"]').should('not.exist');\ncy.get('[data-testid=\"12-card-img\"]').should('not.exist');\ncy.get('[data-testid=\"12-card-name\"]').should('not.exist');",
              "err": {
                "message": "CypressError: Timed out retrying: expected '<img>' to have attribute 'src'",
                "estack": "CypressError: Timed out retrying: expected '<img>' to have attribute 'src'\n    at Object.cypressErr (http://localhost:3000/__cypress/runner/cypress_runner.js:86207:11)\n    at Object.throwErr (http://localhost:3000/__cypress/runner/cypress_runner.js:86162:18)\n    at Object.throwErrByPath (http://localhost:3000/__cypress/runner/cypress_runner.js:86194:17)\n    at retry (http://localhost:3000/__cypress/runner/cypress_runner.js:76849:16)\n    at onFailFn (http://localhost:3000/__cypress/runner/cypress_runner.js:65634:16)\n    at tryCatcher (http://localhost:3000/__cypress/runner/cypress_runner.js:120203:23)\n    at Promise._settlePromiseFromHandler (http://localhost:3000/__cypress/runner/cypress_runner.js:118139:31)\n    at Promise._settlePromise (http://localhost:3000/__cypress/runner/cypress_runner.js:118196:18)\n    at Promise._settlePromise0 (http://localhost:3000/__cypress/runner/cypress_runner.js:118241:10)\n    at Promise._settlePromises (http://localhost:3000/__cypress/runner/cypress_runner.js:118316:18)\n    at Async../node_modules/bluebird/js/release/async.js.Async._drainQueue (http://localhost:3000/__cypress/runner/cypress_runner.js:114928:16)\n    at Async../node_modules/bluebird/js/release/async.js.Async._drainQueues (http://localhost:3000/__cypress/runner/cypress_runner.js:114938:10)\n    at Async.drainQueues (http://localhost:3000/__cypress/runner/cypress_runner.js:114812:14)",
                "diff": null
              },
              "uuid": "9e17cb40-a63e-4da9-a80c-5a82d0802277",
              "parentUUID": "cbb7ad29-6b3d-4fbd-a54a-89d833b0bc02",
              "isHook": false,
              "skipped": false
            }
          ],
          "suites": [],
          "passes": [],
          "failures": [
            "06738e7a-b770-4210-b396-4f39ba1c1daa",
            "9e17cb40-a63e-4da9-a80c-5a82d0802277"
          ],
          "pending": [],
          "skipped": [],
          "duration": 21516,
          "root": false,
          "rootEmpty": false,
          "_timeout": 2000
        },
        {
          "uuid": "13ca1d01-9142-419e-b920-f5bf615145ae",
          "title": "18 - Exiba um `alert` caso nenhuma receita seja encontrada",
          "fullFile": "",
          "file": "",
          "beforeHooks": [],
          "afterHooks": [],
          "tests": [
            {
              "title": "Caso nenhuma comida seja encontrada o alert deve ser exibido",
              "fullTitle": "18 - Exiba um `alert` caso nenhuma receita seja encontrada Caso nenhuma comida seja encontrada o alert deve ser exibido",
              "timedOut": null,
              "duration": 734,
              "state": "failed",
              "speed": null,
              "pass": false,
              "fail": true,
              "pending": false,
              "context": null,
              "code": "cy.visit('http://localhost:3000/comidas', {\n  onBeforeLoad: function onBeforeLoad(win) {\n    win.fetch = fetchMock;\n    cy.spy(win, 'alert');\n  }\n});\ncy.get('[data-testid=\"search-top-btn\"]').click();\ncy.get('[data-testid=\"name-search-radio\"]').click();\ncy.get('[data-testid=\"search-input\"]').type('xablau');\ncy.get('[data-testid=\"exec-search-btn\"]').click();\ncy.window().its('alert').should('be.calledWith', 'Sinto muito, não encontramos nenhuma receita para esses filtros.');",
              "err": {
                "message": "Uncaught TypeError: Cannot read property 'length' of null\n\nThis error originated from your application code, not from Cypress.\n\nWhen Cypress detects uncaught errors originating from your application it will automatically fail the current test.\n\nThis behavior is configurable, and you can choose to turn this off by listening to the 'uncaught:exception' event.\n\nhttps://on.cypress.io/uncaught-exception-from-application",
                "estack": "Uncaught TypeError: Cannot read property 'length' of null\n\nThis error originated from your application code, not from Cypress.\n\nWhen Cypress detects uncaught errors originating from your application it will automatically fail the current test.\n\nThis behavior is configurable, and you can choose to turn this off by listening to the 'uncaught:exception' event.\n\nhttps://on.cypress.io/uncaught-exception-from-application\n    at http://localhost:3000/static/js/main.chunk.js:1434:17\n    at Foods (http://localhost:3000/static/js/main.chunk.js:1466:7)\n    at renderWithHooks (http://localhost:3000/static/js/0.chunk.js:20875:22)\n    at updateFunctionComponent (http://localhost:3000/static/js/0.chunk.js:23054:24)\n    at beginWork (http://localhost:3000/static/js/0.chunk.js:24579:20)\n    at HTMLUnknownElement.callCallback (http://localhost:3000/static/js/0.chunk.js:6268:18)\n    at Object.invokeGuardedCallbackDev (http://localhost:3000/static/js/0.chunk.js:6317:20)\n    at invokeGuardedCallback (http://localhost:3000/static/js/0.chunk.js:6370:35)\n    at beginWork$1 (http://localhost:3000/static/js/0.chunk.js:29131:11)\n    at performUnitOfWork (http://localhost:3000/static/js/0.chunk.js:28098:16)\n    at workLoopSync (http://localhost:3000/static/js/0.chunk.js:28071:26)\n    at performSyncWorkOnRoot (http://localhost:3000/static/js/0.chunk.js:27689:13)\n    at http://localhost:3000/static/js/0.chunk.js:17209:28\n    at unstable_runWithPriority (http://localhost:3000/static/js/0.chunk.js:39238:16)\n    at runWithPriority$1 (http://localhost:3000/static/js/0.chunk.js:17155:14)\n    at flushSyncCallbackQueueImpl (http://localhost:3000/static/js/0.chunk.js:17204:11)\n    at flushSyncCallbackQueue (http://localhost:3000/static/js/0.chunk.js:17192:7)\n    at scheduleUpdateOnFiber (http://localhost:3000/static/js/0.chunk.js:27132:13)\n    at dispatchAction (http://localhost:3000/static/js/0.chunk.js:21712:9)\n    at setSearchFood (http://localhost:3000/static/js/main.chunk.js:862:5)\n    at getApiByName (http://localhost:3000/static/js/main.chunk.js:1869:5)",
                "diff": null
              },
              "uuid": "7650cc36-48fa-46f2-a7ed-e21929d19dd6",
              "parentUUID": "13ca1d01-9142-419e-b920-f5bf615145ae",
              "isHook": false,
              "skipped": false
            },
            {
              "title": "Caso nenhuma bebida seja encontrada o alert deve ser exibido",
              "fullTitle": "18 - Exiba um `alert` caso nenhuma receita seja encontrada Caso nenhuma bebida seja encontrada o alert deve ser exibido",
              "timedOut": null,
              "duration": 691,
              "state": "failed",
              "speed": null,
              "pass": false,
              "fail": true,
              "pending": false,
              "context": null,
              "code": "cy.visit('http://localhost:3000/bebidas', {\n  onBeforeLoad: function onBeforeLoad(win) {\n    win.fetch = fetchMock;\n    cy.spy(win, 'alert');\n  }\n});\ncy.get('[data-testid=\"search-top-btn\"]').click();\ncy.get('[data-testid=\"name-search-radio\"]').click();\ncy.get('[data-testid=\"search-input\"]').type('xablau');\ncy.get('[data-testid=\"exec-search-btn\"]').click();\ncy.window().its('alert').should('be.calledWith', 'Sinto muito, não encontramos nenhuma receita para esses filtros.');",
              "err": {
                "message": "Uncaught TypeError: Cannot read property 'length' of null\n\nThis error originated from your application code, not from Cypress.\n\nWhen Cypress detects uncaught errors originating from your application it will automatically fail the current test.\n\nThis behavior is configurable, and you can choose to turn this off by listening to the 'uncaught:exception' event.\n\nhttps://on.cypress.io/uncaught-exception-from-application",
                "estack": "Uncaught TypeError: Cannot read property 'length' of null\n\nThis error originated from your application code, not from Cypress.\n\nWhen Cypress detects uncaught errors originating from your application it will automatically fail the current test.\n\nThis behavior is configurable, and you can choose to turn this off by listening to the 'uncaught:exception' event.\n\nhttps://on.cypress.io/uncaught-exception-from-application\n    at http://localhost:3000/static/js/main.chunk.js:1080:17\n    at Drinks (http://localhost:3000/static/js/main.chunk.js:1111:7)\n    at renderWithHooks (http://localhost:3000/static/js/0.chunk.js:20875:22)\n    at updateFunctionComponent (http://localhost:3000/static/js/0.chunk.js:23054:24)\n    at beginWork (http://localhost:3000/static/js/0.chunk.js:24579:20)\n    at HTMLUnknownElement.callCallback (http://localhost:3000/static/js/0.chunk.js:6268:18)\n    at Object.invokeGuardedCallbackDev (http://localhost:3000/static/js/0.chunk.js:6317:20)\n    at invokeGuardedCallback (http://localhost:3000/static/js/0.chunk.js:6370:35)\n    at beginWork$1 (http://localhost:3000/static/js/0.chunk.js:29131:11)\n    at performUnitOfWork (http://localhost:3000/static/js/0.chunk.js:28098:16)\n    at workLoopSync (http://localhost:3000/static/js/0.chunk.js:28071:26)\n    at performSyncWorkOnRoot (http://localhost:3000/static/js/0.chunk.js:27689:13)\n    at http://localhost:3000/static/js/0.chunk.js:17209:28\n    at unstable_runWithPriority (http://localhost:3000/static/js/0.chunk.js:39238:16)\n    at runWithPriority$1 (http://localhost:3000/static/js/0.chunk.js:17155:14)\n    at flushSyncCallbackQueueImpl (http://localhost:3000/static/js/0.chunk.js:17204:11)\n    at flushSyncCallbackQueue (http://localhost:3000/static/js/0.chunk.js:17192:7)\n    at scheduleUpdateOnFiber (http://localhost:3000/static/js/0.chunk.js:27132:13)\n    at dispatchAction (http://localhost:3000/static/js/0.chunk.js:21712:9)\n    at setSearchFood (http://localhost:3000/static/js/main.chunk.js:862:5)\n    at getApiByName (http://localhost:3000/static/js/main.chunk.js:1800:5)",
                "diff": null
              },
              "uuid": "635af654-5644-4e4b-9f91-4695e1d53882",
              "parentUUID": "13ca1d01-9142-419e-b920-f5bf615145ae",
              "isHook": false,
              "skipped": false
            }
          ],
          "suites": [],
          "passes": [],
          "failures": [
            "7650cc36-48fa-46f2-a7ed-e21929d19dd6",
            "635af654-5644-4e4b-9f91-4695e1d53882"
          ],
          "pending": [],
          "skipped": [],
          "duration": 1425,
          "root": false,
          "rootEmpty": false,
          "_timeout": 2000
        }
      ],
      "passes": [],
      "failures": [],
      "pending": [],
      "skipped": [],
      "duration": 0,
      "root": true,
      "rootEmpty": true,
      "_timeout": 2000
    }
  ],
  "meta": {
    "mocha": {
      "version": "8.2.1"
    },
    "mochawesome": {
      "options": {
        "quiet": false,
        "reportFilename": "mochawesome",
        "saveHtml": false,
        "saveJson": true,
        "consoleReporter": "spec",
        "useInlineDiffs": false,
        "code": true
      },
      "version": "6.2.1"
    },
    "marge": {
      "options": {
        "id": "default",
        "reportDir": "cypress/reports",
        "overwrite": false,
        "html": false,
        "json": true
      },
      "version": "5.1.0"
    }
  }
}