{
  "stats": {
    "suites": 6,
    "tests": 15,
    "passes": 1,
    "pending": 0,
    "failures": 14,
    "start": "2021-09-22T02:27:33.474Z",
    "end": "2021-09-22T02:27:41.605Z",
    "duration": 8131,
    "testsRegistered": 15,
    "passPercent": 6.666666666666667,
    "pendingPercent": 0,
    "other": 0,
    "hasOther": false,
    "skipped": 0,
    "hasSkipped": false
  },
  "results": [
    {
      "uuid": "afdc19d7-9008-476d-b1c9-1c488f173630",
      "title": "",
      "fullFile": "cypress/integration/header_search_bar_spec.js",
      "file": "cypress/integration/header_search_bar_spec.js",
      "beforeHooks": [],
      "afterHooks": [],
      "tests": [],
      "suites": [
        {
          "uuid": "3df23f15-a3c8-4fae-9dc0-6eb626893724",
          "title": "13 - Implemente os elementos da barra de busca respeitando os atributos descritos no protótipo",
          "fullFile": "",
          "file": "",
          "beforeHooks": [],
          "afterHooks": [],
          "tests": [
            {
              "title": "Tem os data-testids tanto da barra de busca quanto de todos os radio-buttons",
              "fullTitle": "13 - Implemente os elementos da barra de busca respeitando os atributos descritos no protótipo Tem os data-testids tanto da barra de busca quanto de todos os radio-buttons",
              "timedOut": null,
              "duration": 462,
              "state": "passed",
              "speed": "slow",
              "pass": true,
              "fail": false,
              "pending": false,
              "context": null,
              "code": "cy.visit('http://localhost:3000/comidas');\ncy.get('[data-testid=\"search-top-btn\"]').click();\ncy.get('[data-testid=\"search-input\"]');\ncy.get('[data-testid=\"ingredient-search-radio\"]');\ncy.get('[data-testid=\"name-search-radio\"]');\ncy.get('[data-testid=\"first-letter-search-radio\"]');\ncy.get('[data-testid=\"exec-search-btn\"]');",
              "err": {},
              "uuid": "246b478f-7907-4ac2-8afa-e8892ac907eb",
              "parentUUID": "3df23f15-a3c8-4fae-9dc0-6eb626893724",
              "isHook": false,
              "skipped": false
            }
          ],
          "suites": [],
          "passes": [
            "246b478f-7907-4ac2-8afa-e8892ac907eb"
          ],
          "failures": [],
          "pending": [],
          "skipped": [],
          "duration": 462,
          "root": false,
          "rootEmpty": false,
          "_timeout": 2000
        },
        {
          "uuid": "e6b8d743-02a7-4e6c-a1d0-3d4dddec42af",
          "title": "14 - Posicione a barra logo abaixo do header e implemente 3 radio buttons: Ingrediente, Nome e Primeira letra",
          "fullFile": "",
          "file": "",
          "beforeHooks": [],
          "afterHooks": [],
          "tests": [
            {
              "title": "Se o radio selecionado for Ingrediente, a busca na API é feita corretamente pelo ingrediente",
              "fullTitle": "14 - Posicione a barra logo abaixo do header e implemente 3 radio buttons: Ingrediente, Nome e Primeira letra Se o radio selecionado for Ingrediente, a busca na API é feita corretamente pelo ingrediente",
              "timedOut": null,
              "duration": 349,
              "state": "failed",
              "speed": null,
              "pass": false,
              "fail": true,
              "pending": false,
              "context": null,
              "code": "cy.visit('http://localhost:3000/comidas', {\n  onBeforeLoad: function onBeforeLoad(win) {\n    cy.spy(win, 'fetch');\n  }\n});\ncy.get('[data-testid=\"search-top-btn\"]').click();\ncy.get('[data-testid=\"ingredient-search-radio\"]').click();\ncy.get('[data-testid=\"search-input\"]').type('chicken');\ncy.get('[data-testid=\"exec-search-btn\"]').click();\ncy.window().its('fetch').should('be.calledWith', 'https://www.themealdb.com/api/json/v1/1/filter.php?i=chicken');",
              "err": {
                "message": "CypressError: cy.click() can only be called on a single element. Your subject contained 2 elements. Pass { multiple: true } if you want to serially click each element.",
                "estack": "CypressError: cy.click() can only be called on a single element. Your subject contained 2 elements. Pass { multiple: true } if you want to serially click each element.\n    at Object.cypressErr (http://localhost:3000/__cypress/runner/cypress_runner.js:86207:11)\n    at Object.throwErr (http://localhost:3000/__cypress/runner/cypress_runner.js:86162:18)\n    at Object.throwErrByPath (http://localhost:3000/__cypress/runner/cypress_runner.js:86194:17)\n    at mouseAction (http://localhost:3000/__cypress/runner/cypress_runner.js:66570:14)\n    at Context.click (http://localhost:3000/__cypress/runner/cypress_runner.js:66713:14)\n    at Context.<anonymous> (http://localhost:3000/__cypress/runner/cypress_runner.js:81414:21)\n    at http://localhost:3000/__cypress/runner/cypress_runner.js:80892:33\n    at tryCatcher (http://localhost:3000/__cypress/runner/cypress_runner.js:120203:23)\n    at Promise._settlePromiseFromHandler (http://localhost:3000/__cypress/runner/cypress_runner.js:118139:31)\n    at Promise._settlePromise (http://localhost:3000/__cypress/runner/cypress_runner.js:118196:18)\n    at Promise._settlePromiseCtx (http://localhost:3000/__cypress/runner/cypress_runner.js:118233:10)\n    at Async../node_modules/bluebird/js/release/async.js.Async._drainQueue (http://localhost:3000/__cypress/runner/cypress_runner.js:114933:12)\n    at Async../node_modules/bluebird/js/release/async.js.Async._drainQueues (http://localhost:3000/__cypress/runner/cypress_runner.js:114938:10)\n    at Async.drainQueues (http://localhost:3000/__cypress/runner/cypress_runner.js:114812:14)",
                "diff": null
              },
              "uuid": "ed4e0a55-7204-47dc-a525-2c3070856bc1",
              "parentUUID": "e6b8d743-02a7-4e6c-a1d0-3d4dddec42af",
              "isHook": false,
              "skipped": false
            },
            {
              "title": "Se o radio selecionado for Nome, a busca na API é feita corretamente pelo nome",
              "fullTitle": "14 - Posicione a barra logo abaixo do header e implemente 3 radio buttons: Ingrediente, Nome e Primeira letra Se o radio selecionado for Nome, a busca na API é feita corretamente pelo nome",
              "timedOut": null,
              "duration": 497,
              "state": "failed",
              "speed": null,
              "pass": false,
              "fail": true,
              "pending": false,
              "context": null,
              "code": "cy.visit('http://localhost:3000/comidas', {\n  onBeforeLoad: function onBeforeLoad(win) {\n    cy.spy(win, 'fetch');\n  }\n});\ncy.get('[data-testid=\"search-top-btn\"]').click();\ncy.get('[data-testid=\"name-search-radio\"]').click();\ncy.get('[data-testid=\"search-input\"]').type('soup');\ncy.get('[data-testid=\"exec-search-btn\"]').click();\ncy.window().its('fetch').should('be.calledWith', 'https://www.themealdb.com/api/json/v1/1/search.php?s=soup');",
              "err": {
                "message": "CypressError: cy.type() failed because it requires a valid typeable element.\n\nThe element typed into was:\n\n  > <span data-testid=\"search-input\">SearchBar</span>\n\nA typeable element matches one of the following selectors:\n  'a[href]'\n  'area[href]'\n  'input'\n  'select'\n  'textarea'\n  'button'\n  'iframe'\n  '[tabindex]'\n  '[contenteditable]'",
                "estack": "CypressError: cy.type() failed because it requires a valid typeable element.\n\nThe element typed into was:\n\n  > <span data-testid=\"search-input\">SearchBar</span>\n\nA typeable element matches one of the following selectors:\n  'a[href]'\n  'area[href]'\n  'input'\n  'select'\n  'textarea'\n  'button'\n  'iframe'\n  '[tabindex]'\n  '[contenteditable]'\n    at Object.cypressErr (http://localhost:3000/__cypress/runner/cypress_runner.js:86207:11)\n    at Object.throwErr (http://localhost:3000/__cypress/runner/cypress_runner.js:86162:18)\n    at Object.throwErrByPath (http://localhost:3000/__cypress/runner/cypress_runner.js:86194:17)\n    at http://localhost:3000/__cypress/runner/cypress_runner.js:68257:22\n    at tryCatcher (http://localhost:3000/__cypress/runner/cypress_runner.js:120203:23)\n    at Promise._settlePromiseFromHandler (http://localhost:3000/__cypress/runner/cypress_runner.js:118139:31)\n    at Promise._settlePromise (http://localhost:3000/__cypress/runner/cypress_runner.js:118196:18)\n    at Promise._settlePromise0 (http://localhost:3000/__cypress/runner/cypress_runner.js:118241:10)\n    at Promise._settlePromises (http://localhost:3000/__cypress/runner/cypress_runner.js:118320:18)\n    at Async../node_modules/bluebird/js/release/async.js.Async._drainQueue (http://localhost:3000/__cypress/runner/cypress_runner.js:114928:16)\n    at Async../node_modules/bluebird/js/release/async.js.Async._drainQueues (http://localhost:3000/__cypress/runner/cypress_runner.js:114938:10)\n    at Async.drainQueues (http://localhost:3000/__cypress/runner/cypress_runner.js:114812:14)",
                "diff": null
              },
              "uuid": "005bc82b-7480-43ce-89d8-42c57c640057",
              "parentUUID": "e6b8d743-02a7-4e6c-a1d0-3d4dddec42af",
              "isHook": false,
              "skipped": false
            },
            {
              "title": "Se o radio selecionado for Primeira letra, a busca na API é feita corretamente pelo primeira letra",
              "fullTitle": "14 - Posicione a barra logo abaixo do header e implemente 3 radio buttons: Ingrediente, Nome e Primeira letra Se o radio selecionado for Primeira letra, a busca na API é feita corretamente pelo primeira letra",
              "timedOut": null,
              "duration": 453,
              "state": "failed",
              "speed": null,
              "pass": false,
              "fail": true,
              "pending": false,
              "context": null,
              "code": "cy.visit('http://localhost:3000/comidas', {\n  onBeforeLoad: function onBeforeLoad(win) {\n    cy.spy(win, 'fetch');\n  }\n});\ncy.get('[data-testid=\"search-top-btn\"]').click();\ncy.get('[data-testid=\"first-letter-search-radio\"]').click();\ncy.get('[data-testid=\"search-input\"]').type('a');\ncy.get('[data-testid=\"exec-search-btn\"]').click();\ncy.window().its('fetch').should('be.calledWith', 'https://www.themealdb.com/api/json/v1/1/search.php?f=a');",
              "err": {
                "message": "CypressError: cy.type() failed because it requires a valid typeable element.\n\nThe element typed into was:\n\n  > <span data-testid=\"search-input\">SearchBar</span>\n\nA typeable element matches one of the following selectors:\n  'a[href]'\n  'area[href]'\n  'input'\n  'select'\n  'textarea'\n  'button'\n  'iframe'\n  '[tabindex]'\n  '[contenteditable]'",
                "estack": "CypressError: cy.type() failed because it requires a valid typeable element.\n\nThe element typed into was:\n\n  > <span data-testid=\"search-input\">SearchBar</span>\n\nA typeable element matches one of the following selectors:\n  'a[href]'\n  'area[href]'\n  'input'\n  'select'\n  'textarea'\n  'button'\n  'iframe'\n  '[tabindex]'\n  '[contenteditable]'\n    at Object.cypressErr (http://localhost:3000/__cypress/runner/cypress_runner.js:86207:11)\n    at Object.throwErr (http://localhost:3000/__cypress/runner/cypress_runner.js:86162:18)\n    at Object.throwErrByPath (http://localhost:3000/__cypress/runner/cypress_runner.js:86194:17)\n    at http://localhost:3000/__cypress/runner/cypress_runner.js:68257:22\n    at tryCatcher (http://localhost:3000/__cypress/runner/cypress_runner.js:120203:23)\n    at Promise._settlePromiseFromHandler (http://localhost:3000/__cypress/runner/cypress_runner.js:118139:31)\n    at Promise._settlePromise (http://localhost:3000/__cypress/runner/cypress_runner.js:118196:18)\n    at Promise._settlePromise0 (http://localhost:3000/__cypress/runner/cypress_runner.js:118241:10)\n    at Promise._settlePromises (http://localhost:3000/__cypress/runner/cypress_runner.js:118320:18)\n    at Async../node_modules/bluebird/js/release/async.js.Async._drainQueue (http://localhost:3000/__cypress/runner/cypress_runner.js:114928:16)\n    at Async../node_modules/bluebird/js/release/async.js.Async._drainQueues (http://localhost:3000/__cypress/runner/cypress_runner.js:114938:10)\n    at Async.drainQueues (http://localhost:3000/__cypress/runner/cypress_runner.js:114812:14)",
                "diff": null
              },
              "uuid": "d8920362-fd8f-4a02-af9a-b8584ad6cc6d",
              "parentUUID": "e6b8d743-02a7-4e6c-a1d0-3d4dddec42af",
              "isHook": false,
              "skipped": false
            },
            {
              "title": "Se o radio selecionado for Primeira letra e a busca na API for feita com mais de uma letra, deve-se exibir um alert",
              "fullTitle": "14 - Posicione a barra logo abaixo do header e implemente 3 radio buttons: Ingrediente, Nome e Primeira letra Se o radio selecionado for Primeira letra e a busca na API for feita com mais de uma letra, deve-se exibir um alert",
              "timedOut": null,
              "duration": 460,
              "state": "failed",
              "speed": null,
              "pass": false,
              "fail": true,
              "pending": false,
              "context": null,
              "code": "cy.visit('http://localhost:3000/comidas', {\n  onBeforeLoad: function onBeforeLoad(win) {\n    cy.spy(win, 'alert');\n  }\n});\ncy.get('[data-testid=\"search-top-btn\"]').click();\ncy.get('[data-testid=\"first-letter-search-radio\"]').click();\ncy.get('[data-testid=\"search-input\"]').type('aaa');\ncy.get('[data-testid=\"exec-search-btn\"]').click();\ncy.window().its('alert').should('be.calledWith', 'Sua busca deve conter somente 1 (um) caracter');",
              "err": {
                "message": "CypressError: cy.type() failed because it requires a valid typeable element.\n\nThe element typed into was:\n\n  > <span data-testid=\"search-input\">SearchBar</span>\n\nA typeable element matches one of the following selectors:\n  'a[href]'\n  'area[href]'\n  'input'\n  'select'\n  'textarea'\n  'button'\n  'iframe'\n  '[tabindex]'\n  '[contenteditable]'",
                "estack": "CypressError: cy.type() failed because it requires a valid typeable element.\n\nThe element typed into was:\n\n  > <span data-testid=\"search-input\">SearchBar</span>\n\nA typeable element matches one of the following selectors:\n  'a[href]'\n  'area[href]'\n  'input'\n  'select'\n  'textarea'\n  'button'\n  'iframe'\n  '[tabindex]'\n  '[contenteditable]'\n    at Object.cypressErr (http://localhost:3000/__cypress/runner/cypress_runner.js:86207:11)\n    at Object.throwErr (http://localhost:3000/__cypress/runner/cypress_runner.js:86162:18)\n    at Object.throwErrByPath (http://localhost:3000/__cypress/runner/cypress_runner.js:86194:17)\n    at http://localhost:3000/__cypress/runner/cypress_runner.js:68257:22\n    at tryCatcher (http://localhost:3000/__cypress/runner/cypress_runner.js:120203:23)\n    at Promise._settlePromiseFromHandler (http://localhost:3000/__cypress/runner/cypress_runner.js:118139:31)\n    at Promise._settlePromise (http://localhost:3000/__cypress/runner/cypress_runner.js:118196:18)\n    at Promise._settlePromise0 (http://localhost:3000/__cypress/runner/cypress_runner.js:118241:10)\n    at Promise._settlePromises (http://localhost:3000/__cypress/runner/cypress_runner.js:118320:18)\n    at Async../node_modules/bluebird/js/release/async.js.Async._drainQueue (http://localhost:3000/__cypress/runner/cypress_runner.js:114928:16)\n    at Async../node_modules/bluebird/js/release/async.js.Async._drainQueues (http://localhost:3000/__cypress/runner/cypress_runner.js:114938:10)\n    at Async.drainQueues (http://localhost:3000/__cypress/runner/cypress_runner.js:114812:14)",
                "diff": null
              },
              "uuid": "63db34f8-662d-4dbe-8103-d68516945642",
              "parentUUID": "e6b8d743-02a7-4e6c-a1d0-3d4dddec42af",
              "isHook": false,
              "skipped": false
            }
          ],
          "suites": [],
          "passes": [],
          "failures": [
            "ed4e0a55-7204-47dc-a525-2c3070856bc1",
            "005bc82b-7480-43ce-89d8-42c57c640057",
            "d8920362-fd8f-4a02-af9a-b8584ad6cc6d",
            "63db34f8-662d-4dbe-8103-d68516945642"
          ],
          "pending": [],
          "skipped": [],
          "duration": 1759,
          "root": false,
          "rootEmpty": false,
          "_timeout": 2000
        },
        {
          "uuid": "009b39fe-3fd0-40a1-a04c-45434e9a017c",
          "title": "15 - Busque na API de comidas caso a pessoa esteja na página de comidas e na de bebidas caso esteja na de bebidas",
          "fullFile": "",
          "file": "",
          "beforeHooks": [],
          "afterHooks": [],
          "tests": [
            {
              "title": "Na tela de bebidas, se o radio selecionado for Ingrediente, a busca na API é feita corretamente pelo ingrediente",
              "fullTitle": "15 - Busque na API de comidas caso a pessoa esteja na página de comidas e na de bebidas caso esteja na de bebidas Na tela de bebidas, se o radio selecionado for Ingrediente, a busca na API é feita corretamente pelo ingrediente",
              "timedOut": null,
              "duration": 324,
              "state": "failed",
              "speed": null,
              "pass": false,
              "fail": true,
              "pending": false,
              "context": null,
              "code": "cy.visit('http://localhost:3000/bebidas', {\n  onBeforeLoad: function onBeforeLoad(win) {\n    cy.spy(win, 'fetch');\n  }\n});\ncy.get('[data-testid=\"search-top-btn\"]').click();\ncy.get('[data-testid=\"ingredient-search-radio\"]').click();\ncy.get('[data-testid=\"search-input\"]').type('lemon');\ncy.get('[data-testid=\"exec-search-btn\"]').click();\ncy.window().its('fetch').should('be.calledWith', 'https://www.thecocktaildb.com/api/json/v1/1/filter.php?i=lemon');",
              "err": {
                "message": "CypressError: cy.click() can only be called on a single element. Your subject contained 2 elements. Pass { multiple: true } if you want to serially click each element.",
                "estack": "CypressError: cy.click() can only be called on a single element. Your subject contained 2 elements. Pass { multiple: true } if you want to serially click each element.\n    at Object.cypressErr (http://localhost:3000/__cypress/runner/cypress_runner.js:86207:11)\n    at Object.throwErr (http://localhost:3000/__cypress/runner/cypress_runner.js:86162:18)\n    at Object.throwErrByPath (http://localhost:3000/__cypress/runner/cypress_runner.js:86194:17)\n    at mouseAction (http://localhost:3000/__cypress/runner/cypress_runner.js:66570:14)\n    at Context.click (http://localhost:3000/__cypress/runner/cypress_runner.js:66713:14)\n    at Context.<anonymous> (http://localhost:3000/__cypress/runner/cypress_runner.js:81414:21)\n    at http://localhost:3000/__cypress/runner/cypress_runner.js:80892:33\n    at tryCatcher (http://localhost:3000/__cypress/runner/cypress_runner.js:120203:23)\n    at Promise._settlePromiseFromHandler (http://localhost:3000/__cypress/runner/cypress_runner.js:118139:31)\n    at Promise._settlePromise (http://localhost:3000/__cypress/runner/cypress_runner.js:118196:18)\n    at Promise._settlePromiseCtx (http://localhost:3000/__cypress/runner/cypress_runner.js:118233:10)\n    at Async../node_modules/bluebird/js/release/async.js.Async._drainQueue (http://localhost:3000/__cypress/runner/cypress_runner.js:114933:12)\n    at Async../node_modules/bluebird/js/release/async.js.Async._drainQueues (http://localhost:3000/__cypress/runner/cypress_runner.js:114938:10)\n    at Async.drainQueues (http://localhost:3000/__cypress/runner/cypress_runner.js:114812:14)",
                "diff": null
              },
              "uuid": "c83e6fa2-0916-4ae7-b269-8efca410ce72",
              "parentUUID": "009b39fe-3fd0-40a1-a04c-45434e9a017c",
              "isHook": false,
              "skipped": false
            },
            {
              "title": "Na tela de bebidas, se o radio selecionado for Nome, a busca na API é feita corretamente pelo nome",
              "fullTitle": "15 - Busque na API de comidas caso a pessoa esteja na página de comidas e na de bebidas caso esteja na de bebidas Na tela de bebidas, se o radio selecionado for Nome, a busca na API é feita corretamente pelo nome",
              "timedOut": null,
              "duration": 503,
              "state": "failed",
              "speed": null,
              "pass": false,
              "fail": true,
              "pending": false,
              "context": null,
              "code": "cy.visit('http://localhost:3000/bebidas', {\n  onBeforeLoad: function onBeforeLoad(win) {\n    cy.spy(win, 'fetch');\n  }\n});\ncy.get('[data-testid=\"search-top-btn\"]').click();\ncy.get('[data-testid=\"name-search-radio\"]').click();\ncy.get('[data-testid=\"search-input\"]').type('gin');\ncy.get('[data-testid=\"exec-search-btn\"]').click();\ncy.window().its('fetch').should('be.calledWith', 'https://www.thecocktaildb.com/api/json/v1/1/search.php?s=gin');",
              "err": {
                "message": "CypressError: cy.type() failed because it requires a valid typeable element.\n\nThe element typed into was:\n\n  > <span data-testid=\"search-input\">SearchBar</span>\n\nA typeable element matches one of the following selectors:\n  'a[href]'\n  'area[href]'\n  'input'\n  'select'\n  'textarea'\n  'button'\n  'iframe'\n  '[tabindex]'\n  '[contenteditable]'",
                "estack": "CypressError: cy.type() failed because it requires a valid typeable element.\n\nThe element typed into was:\n\n  > <span data-testid=\"search-input\">SearchBar</span>\n\nA typeable element matches one of the following selectors:\n  'a[href]'\n  'area[href]'\n  'input'\n  'select'\n  'textarea'\n  'button'\n  'iframe'\n  '[tabindex]'\n  '[contenteditable]'\n    at Object.cypressErr (http://localhost:3000/__cypress/runner/cypress_runner.js:86207:11)\n    at Object.throwErr (http://localhost:3000/__cypress/runner/cypress_runner.js:86162:18)\n    at Object.throwErrByPath (http://localhost:3000/__cypress/runner/cypress_runner.js:86194:17)\n    at http://localhost:3000/__cypress/runner/cypress_runner.js:68257:22\n    at tryCatcher (http://localhost:3000/__cypress/runner/cypress_runner.js:120203:23)\n    at Promise._settlePromiseFromHandler (http://localhost:3000/__cypress/runner/cypress_runner.js:118139:31)\n    at Promise._settlePromise (http://localhost:3000/__cypress/runner/cypress_runner.js:118196:18)\n    at Promise._settlePromise0 (http://localhost:3000/__cypress/runner/cypress_runner.js:118241:10)\n    at Promise._settlePromises (http://localhost:3000/__cypress/runner/cypress_runner.js:118320:18)\n    at Async../node_modules/bluebird/js/release/async.js.Async._drainQueue (http://localhost:3000/__cypress/runner/cypress_runner.js:114928:16)\n    at Async../node_modules/bluebird/js/release/async.js.Async._drainQueues (http://localhost:3000/__cypress/runner/cypress_runner.js:114938:10)\n    at Async.drainQueues (http://localhost:3000/__cypress/runner/cypress_runner.js:114812:14)",
                "diff": null
              },
              "uuid": "48a9061e-8be4-4dec-b3a6-a13e928471a6",
              "parentUUID": "009b39fe-3fd0-40a1-a04c-45434e9a017c",
              "isHook": false,
              "skipped": false
            },
            {
              "title": "Na tela de bebidas, se o radio selecionado for Primeira letra, a busca na API é feita corretamente pelo primeira letra",
              "fullTitle": "15 - Busque na API de comidas caso a pessoa esteja na página de comidas e na de bebidas caso esteja na de bebidas Na tela de bebidas, se o radio selecionado for Primeira letra, a busca na API é feita corretamente pelo primeira letra",
              "timedOut": null,
              "duration": 558,
              "state": "failed",
              "speed": null,
              "pass": false,
              "fail": true,
              "pending": false,
              "context": null,
              "code": "cy.visit('http://localhost:3000/bebidas', {\n  onBeforeLoad: function onBeforeLoad(win) {\n    cy.spy(win, 'fetch');\n  }\n});\ncy.get('[data-testid=\"search-top-btn\"]').click();\ncy.get('[data-testid=\"first-letter-search-radio\"]').click();\ncy.get('[data-testid=\"search-input\"]').type('a');\ncy.get('[data-testid=\"exec-search-btn\"]').click();\ncy.window().its('fetch').should('be.calledWith', 'https://www.thecocktaildb.com/api/json/v1/1/search.php?f=a');",
              "err": {
                "message": "CypressError: cy.type() failed because it requires a valid typeable element.\n\nThe element typed into was:\n\n  > <span data-testid=\"search-input\">SearchBar</span>\n\nA typeable element matches one of the following selectors:\n  'a[href]'\n  'area[href]'\n  'input'\n  'select'\n  'textarea'\n  'button'\n  'iframe'\n  '[tabindex]'\n  '[contenteditable]'",
                "estack": "CypressError: cy.type() failed because it requires a valid typeable element.\n\nThe element typed into was:\n\n  > <span data-testid=\"search-input\">SearchBar</span>\n\nA typeable element matches one of the following selectors:\n  'a[href]'\n  'area[href]'\n  'input'\n  'select'\n  'textarea'\n  'button'\n  'iframe'\n  '[tabindex]'\n  '[contenteditable]'\n    at Object.cypressErr (http://localhost:3000/__cypress/runner/cypress_runner.js:86207:11)\n    at Object.throwErr (http://localhost:3000/__cypress/runner/cypress_runner.js:86162:18)\n    at Object.throwErrByPath (http://localhost:3000/__cypress/runner/cypress_runner.js:86194:17)\n    at http://localhost:3000/__cypress/runner/cypress_runner.js:68257:22\n    at tryCatcher (http://localhost:3000/__cypress/runner/cypress_runner.js:120203:23)\n    at Promise._settlePromiseFromHandler (http://localhost:3000/__cypress/runner/cypress_runner.js:118139:31)\n    at Promise._settlePromise (http://localhost:3000/__cypress/runner/cypress_runner.js:118196:18)\n    at Promise._settlePromise0 (http://localhost:3000/__cypress/runner/cypress_runner.js:118241:10)\n    at Promise._settlePromises (http://localhost:3000/__cypress/runner/cypress_runner.js:118320:18)\n    at Async../node_modules/bluebird/js/release/async.js.Async._drainQueue (http://localhost:3000/__cypress/runner/cypress_runner.js:114928:16)\n    at Async../node_modules/bluebird/js/release/async.js.Async._drainQueues (http://localhost:3000/__cypress/runner/cypress_runner.js:114938:10)\n    at Async.drainQueues (http://localhost:3000/__cypress/runner/cypress_runner.js:114812:14)",
                "diff": null
              },
              "uuid": "97e8b115-792c-4374-89dd-caf80d2ad0d5",
              "parentUUID": "009b39fe-3fd0-40a1-a04c-45434e9a017c",
              "isHook": false,
              "skipped": false
            },
            {
              "title": "Na tela de bebidas, se o radio selecionado for Primeira letra e a busca na API for feita com mais de uma letra, deve-se exibir um alert",
              "fullTitle": "15 - Busque na API de comidas caso a pessoa esteja na página de comidas e na de bebidas caso esteja na de bebidas Na tela de bebidas, se o radio selecionado for Primeira letra e a busca na API for feita com mais de uma letra, deve-se exibir um alert",
              "timedOut": null,
              "duration": 534,
              "state": "failed",
              "speed": null,
              "pass": false,
              "fail": true,
              "pending": false,
              "context": null,
              "code": "cy.visit('http://localhost:3000/bebidas', {\n  onBeforeLoad: function onBeforeLoad(win) {\n    cy.spy(win, 'alert');\n  }\n});\ncy.get('[data-testid=\"search-top-btn\"]').click();\ncy.get('[data-testid=\"first-letter-search-radio\"]').click();\ncy.get('[data-testid=\"search-input\"]').type('aaa');\ncy.get('[data-testid=\"exec-search-btn\"]').click();\ncy.window().its('alert').should('be.calledWith', 'Sua busca deve conter somente 1 (um) caracter');",
              "err": {
                "message": "CypressError: cy.type() failed because it requires a valid typeable element.\n\nThe element typed into was:\n\n  > <span data-testid=\"search-input\">SearchBar</span>\n\nA typeable element matches one of the following selectors:\n  'a[href]'\n  'area[href]'\n  'input'\n  'select'\n  'textarea'\n  'button'\n  'iframe'\n  '[tabindex]'\n  '[contenteditable]'",
                "estack": "CypressError: cy.type() failed because it requires a valid typeable element.\n\nThe element typed into was:\n\n  > <span data-testid=\"search-input\">SearchBar</span>\n\nA typeable element matches one of the following selectors:\n  'a[href]'\n  'area[href]'\n  'input'\n  'select'\n  'textarea'\n  'button'\n  'iframe'\n  '[tabindex]'\n  '[contenteditable]'\n    at Object.cypressErr (http://localhost:3000/__cypress/runner/cypress_runner.js:86207:11)\n    at Object.throwErr (http://localhost:3000/__cypress/runner/cypress_runner.js:86162:18)\n    at Object.throwErrByPath (http://localhost:3000/__cypress/runner/cypress_runner.js:86194:17)\n    at http://localhost:3000/__cypress/runner/cypress_runner.js:68257:22\n    at tryCatcher (http://localhost:3000/__cypress/runner/cypress_runner.js:120203:23)\n    at Promise._settlePromiseFromHandler (http://localhost:3000/__cypress/runner/cypress_runner.js:118139:31)\n    at Promise._settlePromise (http://localhost:3000/__cypress/runner/cypress_runner.js:118196:18)\n    at Promise._settlePromise0 (http://localhost:3000/__cypress/runner/cypress_runner.js:118241:10)\n    at Promise._settlePromises (http://localhost:3000/__cypress/runner/cypress_runner.js:118320:18)\n    at Async../node_modules/bluebird/js/release/async.js.Async._drainQueue (http://localhost:3000/__cypress/runner/cypress_runner.js:114928:16)\n    at Async../node_modules/bluebird/js/release/async.js.Async._drainQueues (http://localhost:3000/__cypress/runner/cypress_runner.js:114938:10)\n    at Async.drainQueues (http://localhost:3000/__cypress/runner/cypress_runner.js:114812:14)",
                "diff": null
              },
              "uuid": "6cb36a5a-0b94-40ed-8f79-f9483d08f50e",
              "parentUUID": "009b39fe-3fd0-40a1-a04c-45434e9a017c",
              "isHook": false,
              "skipped": false
            }
          ],
          "suites": [],
          "passes": [],
          "failures": [
            "c83e6fa2-0916-4ae7-b269-8efca410ce72",
            "48a9061e-8be4-4dec-b3a6-a13e928471a6",
            "97e8b115-792c-4374-89dd-caf80d2ad0d5",
            "6cb36a5a-0b94-40ed-8f79-f9483d08f50e"
          ],
          "pending": [],
          "skipped": [],
          "duration": 1919,
          "root": false,
          "rootEmpty": false,
          "_timeout": 2000
        },
        {
          "uuid": "8ebbfe73-4161-44b5-bed7-adf4ced6e12f",
          "title": "16 - Redirecione para a tela de detalhes da receita caso apenas uma receita seja encontrada, com o ID da mesma na URL",
          "fullFile": "",
          "file": "",
          "beforeHooks": [],
          "afterHooks": [],
          "tests": [
            {
              "title": "Caso apenas uma comida seja encontrada, deve-se ir para sua rota de detalhes",
              "fullTitle": "16 - Redirecione para a tela de detalhes da receita caso apenas uma receita seja encontrada, com o ID da mesma na URL Caso apenas uma comida seja encontrada, deve-se ir para sua rota de detalhes",
              "timedOut": null,
              "duration": 516,
              "state": "failed",
              "speed": null,
              "pass": false,
              "fail": true,
              "pending": false,
              "context": null,
              "code": "cy.visit('http://localhost:3000/comidas', {\n  onBeforeLoad: function onBeforeLoad(win) {\n    win.fetch = fetchMock;\n  }\n});\ncy.get('[data-testid=\"search-top-btn\"]').click();\ncy.get('[data-testid=\"name-search-radio\"]').click();\ncy.get('[data-testid=\"search-input\"]').type('Arrabiata');\ncy.get('[data-testid=\"exec-search-btn\"]').click();\ncy.location().should(function (loc) {\n  return expect(loc.pathname).to.eq('/comidas/52771');\n});",
              "err": {
                "message": "CypressError: cy.type() failed because it requires a valid typeable element.\n\nThe element typed into was:\n\n  > <span data-testid=\"search-input\">SearchBar</span>\n\nA typeable element matches one of the following selectors:\n  'a[href]'\n  'area[href]'\n  'input'\n  'select'\n  'textarea'\n  'button'\n  'iframe'\n  '[tabindex]'\n  '[contenteditable]'",
                "estack": "CypressError: cy.type() failed because it requires a valid typeable element.\n\nThe element typed into was:\n\n  > <span data-testid=\"search-input\">SearchBar</span>\n\nA typeable element matches one of the following selectors:\n  'a[href]'\n  'area[href]'\n  'input'\n  'select'\n  'textarea'\n  'button'\n  'iframe'\n  '[tabindex]'\n  '[contenteditable]'\n    at Object.cypressErr (http://localhost:3000/__cypress/runner/cypress_runner.js:86207:11)\n    at Object.throwErr (http://localhost:3000/__cypress/runner/cypress_runner.js:86162:18)\n    at Object.throwErrByPath (http://localhost:3000/__cypress/runner/cypress_runner.js:86194:17)\n    at http://localhost:3000/__cypress/runner/cypress_runner.js:68257:22\n    at tryCatcher (http://localhost:3000/__cypress/runner/cypress_runner.js:120203:23)\n    at Promise._settlePromiseFromHandler (http://localhost:3000/__cypress/runner/cypress_runner.js:118139:31)\n    at Promise._settlePromise (http://localhost:3000/__cypress/runner/cypress_runner.js:118196:18)\n    at Promise._settlePromise0 (http://localhost:3000/__cypress/runner/cypress_runner.js:118241:10)\n    at Promise._settlePromises (http://localhost:3000/__cypress/runner/cypress_runner.js:118320:18)\n    at Async../node_modules/bluebird/js/release/async.js.Async._drainQueue (http://localhost:3000/__cypress/runner/cypress_runner.js:114928:16)\n    at Async../node_modules/bluebird/js/release/async.js.Async._drainQueues (http://localhost:3000/__cypress/runner/cypress_runner.js:114938:10)\n    at Async.drainQueues (http://localhost:3000/__cypress/runner/cypress_runner.js:114812:14)",
                "diff": null
              },
              "uuid": "474e7450-e0e8-4030-8ced-690a48f92b2f",
              "parentUUID": "8ebbfe73-4161-44b5-bed7-adf4ced6e12f",
              "isHook": false,
              "skipped": false
            },
            {
              "title": "Caso apenas uma bebida seja encontrada, deve-se ir para sua rota de detalhes",
              "fullTitle": "16 - Redirecione para a tela de detalhes da receita caso apenas uma receita seja encontrada, com o ID da mesma na URL Caso apenas uma bebida seja encontrada, deve-se ir para sua rota de detalhes",
              "timedOut": null,
              "duration": 476,
              "state": "failed",
              "speed": null,
              "pass": false,
              "fail": true,
              "pending": false,
              "context": null,
              "code": "cy.visit('http://localhost:3000/bebidas', {\n  onBeforeLoad: function onBeforeLoad(win) {\n    win.fetch = fetchMock;\n  }\n});\ncy.get('[data-testid=\"search-top-btn\"]').click();\ncy.get('[data-testid=\"name-search-radio\"]').click();\ncy.get('[data-testid=\"search-input\"]').type('Aquamarine');\ncy.get('[data-testid=\"exec-search-btn\"]').click();\ncy.location().should(function (loc) {\n  return expect(loc.pathname).to.eq('/bebidas/178319');\n});",
              "err": {
                "message": "CypressError: cy.type() failed because it requires a valid typeable element.\n\nThe element typed into was:\n\n  > <span data-testid=\"search-input\">SearchBar</span>\n\nA typeable element matches one of the following selectors:\n  'a[href]'\n  'area[href]'\n  'input'\n  'select'\n  'textarea'\n  'button'\n  'iframe'\n  '[tabindex]'\n  '[contenteditable]'",
                "estack": "CypressError: cy.type() failed because it requires a valid typeable element.\n\nThe element typed into was:\n\n  > <span data-testid=\"search-input\">SearchBar</span>\n\nA typeable element matches one of the following selectors:\n  'a[href]'\n  'area[href]'\n  'input'\n  'select'\n  'textarea'\n  'button'\n  'iframe'\n  '[tabindex]'\n  '[contenteditable]'\n    at Object.cypressErr (http://localhost:3000/__cypress/runner/cypress_runner.js:86207:11)\n    at Object.throwErr (http://localhost:3000/__cypress/runner/cypress_runner.js:86162:18)\n    at Object.throwErrByPath (http://localhost:3000/__cypress/runner/cypress_runner.js:86194:17)\n    at http://localhost:3000/__cypress/runner/cypress_runner.js:68257:22\n    at tryCatcher (http://localhost:3000/__cypress/runner/cypress_runner.js:120203:23)\n    at Promise._settlePromiseFromHandler (http://localhost:3000/__cypress/runner/cypress_runner.js:118139:31)\n    at Promise._settlePromise (http://localhost:3000/__cypress/runner/cypress_runner.js:118196:18)\n    at Promise._settlePromise0 (http://localhost:3000/__cypress/runner/cypress_runner.js:118241:10)\n    at Promise._settlePromises (http://localhost:3000/__cypress/runner/cypress_runner.js:118320:18)\n    at Async../node_modules/bluebird/js/release/async.js.Async._drainQueue (http://localhost:3000/__cypress/runner/cypress_runner.js:114928:16)\n    at Async../node_modules/bluebird/js/release/async.js.Async._drainQueues (http://localhost:3000/__cypress/runner/cypress_runner.js:114938:10)\n    at Async.drainQueues (http://localhost:3000/__cypress/runner/cypress_runner.js:114812:14)",
                "diff": null
              },
              "uuid": "6032bfc6-9ecc-4d68-b4e5-15c7f0b70ce1",
              "parentUUID": "8ebbfe73-4161-44b5-bed7-adf4ced6e12f",
              "isHook": false,
              "skipped": false
            }
          ],
          "suites": [],
          "passes": [],
          "failures": [
            "474e7450-e0e8-4030-8ced-690a48f92b2f",
            "6032bfc6-9ecc-4d68-b4e5-15c7f0b70ce1"
          ],
          "pending": [],
          "skipped": [],
          "duration": 992,
          "root": false,
          "rootEmpty": false,
          "_timeout": 2000
        },
        {
          "uuid": "de1df3c6-0ffd-47ca-b009-efb594a4b466",
          "title": "17 - Mostre as receitas em cards caso mais de uma receita seja encontrada",
          "fullFile": "",
          "file": "",
          "beforeHooks": [],
          "afterHooks": [],
          "tests": [
            {
              "title": "Caso mais de uma comida seja encontrada, mostrar as 12 primeiras",
              "fullTitle": "17 - Mostre as receitas em cards caso mais de uma receita seja encontrada Caso mais de uma comida seja encontrada, mostrar as 12 primeiras",
              "timedOut": null,
              "duration": 513,
              "state": "failed",
              "speed": null,
              "pass": false,
              "fail": true,
              "pending": false,
              "context": null,
              "code": "cy.visit('http://localhost:3000/comidas', {\n  onBeforeLoad: function onBeforeLoad(win) {\n    win.fetch = fetchMock;\n  }\n});\ncy.get('[data-testid=\"search-top-btn\"]').click();\ncy.get('[data-testid=\"name-search-radio\"]').click();\ncy.get('[data-testid=\"search-input\"]').type('soup');\ncy.get('[data-testid=\"exec-search-btn\"]').click();\nsoupMeals.meals.forEach(function (meal, index) {\n  cy.get(\"[data-testid=\\\"\".concat(index, \"-recipe-card\\\"]\"));\n  cy.get(\"[data-testid=\\\"\".concat(index, \"-card-img\\\"]\")).should('have.attr', 'src').should('include', meal['strMealThumb']);\n  cy.get(\"[data-testid=\\\"\".concat(index, \"-card-name\\\"]\")).contains(meal['strMeal']);\n});\ncy.get('[data-testid=\"10-recipe-card\"]').should('not.exist');\ncy.get('[data-testid=\"10-card-img\"]').should('not.exist');\ncy.get('[data-testid=\"10-card-name\"]').should('not.exist');",
              "err": {
                "message": "CypressError: cy.type() failed because it requires a valid typeable element.\n\nThe element typed into was:\n\n  > <span data-testid=\"search-input\">SearchBar</span>\n\nA typeable element matches one of the following selectors:\n  'a[href]'\n  'area[href]'\n  'input'\n  'select'\n  'textarea'\n  'button'\n  'iframe'\n  '[tabindex]'\n  '[contenteditable]'",
                "estack": "CypressError: cy.type() failed because it requires a valid typeable element.\n\nThe element typed into was:\n\n  > <span data-testid=\"search-input\">SearchBar</span>\n\nA typeable element matches one of the following selectors:\n  'a[href]'\n  'area[href]'\n  'input'\n  'select'\n  'textarea'\n  'button'\n  'iframe'\n  '[tabindex]'\n  '[contenteditable]'\n    at Object.cypressErr (http://localhost:3000/__cypress/runner/cypress_runner.js:86207:11)\n    at Object.throwErr (http://localhost:3000/__cypress/runner/cypress_runner.js:86162:18)\n    at Object.throwErrByPath (http://localhost:3000/__cypress/runner/cypress_runner.js:86194:17)\n    at http://localhost:3000/__cypress/runner/cypress_runner.js:68257:22\n    at tryCatcher (http://localhost:3000/__cypress/runner/cypress_runner.js:120203:23)\n    at Promise._settlePromiseFromHandler (http://localhost:3000/__cypress/runner/cypress_runner.js:118139:31)\n    at Promise._settlePromise (http://localhost:3000/__cypress/runner/cypress_runner.js:118196:18)\n    at Promise._settlePromise0 (http://localhost:3000/__cypress/runner/cypress_runner.js:118241:10)\n    at Promise._settlePromises (http://localhost:3000/__cypress/runner/cypress_runner.js:118320:18)\n    at Async../node_modules/bluebird/js/release/async.js.Async._drainQueue (http://localhost:3000/__cypress/runner/cypress_runner.js:114928:16)\n    at Async../node_modules/bluebird/js/release/async.js.Async._drainQueues (http://localhost:3000/__cypress/runner/cypress_runner.js:114938:10)\n    at Async.drainQueues (http://localhost:3000/__cypress/runner/cypress_runner.js:114812:14)",
                "diff": null
              },
              "uuid": "d7d12ff1-bd4d-404d-8b54-bbf9b8b41b34",
              "parentUUID": "de1df3c6-0ffd-47ca-b009-efb594a4b466",
              "isHook": false,
              "skipped": false
            },
            {
              "title": "Caso mais de uma bebida seja encontrada, mostrar as 12 primeiras",
              "fullTitle": "17 - Mostre as receitas em cards caso mais de uma receita seja encontrada Caso mais de uma bebida seja encontrada, mostrar as 12 primeiras",
              "timedOut": null,
              "duration": 492,
              "state": "failed",
              "speed": null,
              "pass": false,
              "fail": true,
              "pending": false,
              "context": null,
              "code": "cy.visit('http://localhost:3000/bebidas', {\n  onBeforeLoad: function onBeforeLoad(win) {\n    win.fetch = fetchMock;\n  }\n});\ncy.get('[data-testid=\"search-top-btn\"]').click();\ncy.get('[data-testid=\"name-search-radio\"]').click();\ncy.get('[data-testid=\"search-input\"]').type('gin');\ncy.get('[data-testid=\"exec-search-btn\"]').click();\nginDrinks.drinks.slice(0, 12).forEach(function (drink, index) {\n  cy.get(\"[data-testid=\\\"\".concat(index, \"-recipe-card\\\"]\"));\n  cy.get(\"[data-testid=\\\"\".concat(index, \"-card-img\\\"]\")).should('have.attr', 'src').should('include', drink['strDrinkThumb']);\n  cy.get(\"[data-testid=\\\"\".concat(index, \"-card-name\\\"]\")).contains(drink['strDrink']);\n});\ncy.get('[data-testid=\"12-recipe-card\"]').should('not.exist');\ncy.get('[data-testid=\"12-card-img\"]').should('not.exist');\ncy.get('[data-testid=\"12-card-name\"]').should('not.exist');",
              "err": {
                "message": "CypressError: cy.type() failed because it requires a valid typeable element.\n\nThe element typed into was:\n\n  > <span data-testid=\"search-input\">SearchBar</span>\n\nA typeable element matches one of the following selectors:\n  'a[href]'\n  'area[href]'\n  'input'\n  'select'\n  'textarea'\n  'button'\n  'iframe'\n  '[tabindex]'\n  '[contenteditable]'",
                "estack": "CypressError: cy.type() failed because it requires a valid typeable element.\n\nThe element typed into was:\n\n  > <span data-testid=\"search-input\">SearchBar</span>\n\nA typeable element matches one of the following selectors:\n  'a[href]'\n  'area[href]'\n  'input'\n  'select'\n  'textarea'\n  'button'\n  'iframe'\n  '[tabindex]'\n  '[contenteditable]'\n    at Object.cypressErr (http://localhost:3000/__cypress/runner/cypress_runner.js:86207:11)\n    at Object.throwErr (http://localhost:3000/__cypress/runner/cypress_runner.js:86162:18)\n    at Object.throwErrByPath (http://localhost:3000/__cypress/runner/cypress_runner.js:86194:17)\n    at http://localhost:3000/__cypress/runner/cypress_runner.js:68257:22\n    at tryCatcher (http://localhost:3000/__cypress/runner/cypress_runner.js:120203:23)\n    at Promise._settlePromiseFromHandler (http://localhost:3000/__cypress/runner/cypress_runner.js:118139:31)\n    at Promise._settlePromise (http://localhost:3000/__cypress/runner/cypress_runner.js:118196:18)\n    at Promise._settlePromise0 (http://localhost:3000/__cypress/runner/cypress_runner.js:118241:10)\n    at Promise._settlePromises (http://localhost:3000/__cypress/runner/cypress_runner.js:118320:18)\n    at Async../node_modules/bluebird/js/release/async.js.Async._drainQueue (http://localhost:3000/__cypress/runner/cypress_runner.js:114928:16)\n    at Async../node_modules/bluebird/js/release/async.js.Async._drainQueues (http://localhost:3000/__cypress/runner/cypress_runner.js:114938:10)\n    at Async.drainQueues (http://localhost:3000/__cypress/runner/cypress_runner.js:114812:14)",
                "diff": null
              },
              "uuid": "90b690e5-69e9-454f-b48c-61b2912cb0f3",
              "parentUUID": "de1df3c6-0ffd-47ca-b009-efb594a4b466",
              "isHook": false,
              "skipped": false
            }
          ],
          "suites": [],
          "passes": [],
          "failures": [
            "d7d12ff1-bd4d-404d-8b54-bbf9b8b41b34",
            "90b690e5-69e9-454f-b48c-61b2912cb0f3"
          ],
          "pending": [],
          "skipped": [],
          "duration": 1005,
          "root": false,
          "rootEmpty": false,
          "_timeout": 2000
        },
        {
          "uuid": "6fbe62d9-c81b-4e6e-97d7-7d921505853a",
          "title": "18 - Exiba um `alert` caso nenhuma receita seja encontrada",
          "fullFile": "",
          "file": "",
          "beforeHooks": [],
          "afterHooks": [],
          "tests": [
            {
              "title": "Caso nenhuma comida seja encontrada o alert deve ser exibido",
              "fullTitle": "18 - Exiba um `alert` caso nenhuma receita seja encontrada Caso nenhuma comida seja encontrada o alert deve ser exibido",
              "timedOut": null,
              "duration": 491,
              "state": "failed",
              "speed": null,
              "pass": false,
              "fail": true,
              "pending": false,
              "context": null,
              "code": "cy.visit('http://localhost:3000/comidas', {\n  onBeforeLoad: function onBeforeLoad(win) {\n    win.fetch = fetchMock;\n    cy.spy(win, 'alert');\n  }\n});\ncy.get('[data-testid=\"search-top-btn\"]').click();\ncy.get('[data-testid=\"name-search-radio\"]').click();\ncy.get('[data-testid=\"search-input\"]').type('xablau');\ncy.get('[data-testid=\"exec-search-btn\"]').click();\ncy.window().its('alert').should('be.calledWith', 'Sinto muito, não encontramos nenhuma receita para esses filtros.');",
              "err": {
                "message": "CypressError: cy.type() failed because it requires a valid typeable element.\n\nThe element typed into was:\n\n  > <span data-testid=\"search-input\">SearchBar</span>\n\nA typeable element matches one of the following selectors:\n  'a[href]'\n  'area[href]'\n  'input'\n  'select'\n  'textarea'\n  'button'\n  'iframe'\n  '[tabindex]'\n  '[contenteditable]'",
                "estack": "CypressError: cy.type() failed because it requires a valid typeable element.\n\nThe element typed into was:\n\n  > <span data-testid=\"search-input\">SearchBar</span>\n\nA typeable element matches one of the following selectors:\n  'a[href]'\n  'area[href]'\n  'input'\n  'select'\n  'textarea'\n  'button'\n  'iframe'\n  '[tabindex]'\n  '[contenteditable]'\n    at Object.cypressErr (http://localhost:3000/__cypress/runner/cypress_runner.js:86207:11)\n    at Object.throwErr (http://localhost:3000/__cypress/runner/cypress_runner.js:86162:18)\n    at Object.throwErrByPath (http://localhost:3000/__cypress/runner/cypress_runner.js:86194:17)\n    at http://localhost:3000/__cypress/runner/cypress_runner.js:68257:22\n    at tryCatcher (http://localhost:3000/__cypress/runner/cypress_runner.js:120203:23)\n    at Promise._settlePromiseFromHandler (http://localhost:3000/__cypress/runner/cypress_runner.js:118139:31)\n    at Promise._settlePromise (http://localhost:3000/__cypress/runner/cypress_runner.js:118196:18)\n    at Promise._settlePromise0 (http://localhost:3000/__cypress/runner/cypress_runner.js:118241:10)\n    at Promise._settlePromises (http://localhost:3000/__cypress/runner/cypress_runner.js:118320:18)\n    at Async../node_modules/bluebird/js/release/async.js.Async._drainQueue (http://localhost:3000/__cypress/runner/cypress_runner.js:114928:16)\n    at Async../node_modules/bluebird/js/release/async.js.Async._drainQueues (http://localhost:3000/__cypress/runner/cypress_runner.js:114938:10)\n    at Async.drainQueues (http://localhost:3000/__cypress/runner/cypress_runner.js:114812:14)",
                "diff": null
              },
              "uuid": "46b09003-20ae-40d9-a98f-9321eb47968e",
              "parentUUID": "6fbe62d9-c81b-4e6e-97d7-7d921505853a",
              "isHook": false,
              "skipped": false
            },
            {
              "title": "Caso nenhuma bebida seja encontrada o alert deve ser exibido",
              "fullTitle": "18 - Exiba um `alert` caso nenhuma receita seja encontrada Caso nenhuma bebida seja encontrada o alert deve ser exibido",
              "timedOut": null,
              "duration": 486,
              "state": "failed",
              "speed": null,
              "pass": false,
              "fail": true,
              "pending": false,
              "context": null,
              "code": "cy.visit('http://localhost:3000/bebidas', {\n  onBeforeLoad: function onBeforeLoad(win) {\n    win.fetch = fetchMock;\n    cy.spy(win, 'alert');\n  }\n});\ncy.get('[data-testid=\"search-top-btn\"]').click();\ncy.get('[data-testid=\"name-search-radio\"]').click();\ncy.get('[data-testid=\"search-input\"]').type('xablau');\ncy.get('[data-testid=\"exec-search-btn\"]').click();\ncy.window().its('alert').should('be.calledWith', 'Sinto muito, não encontramos nenhuma receita para esses filtros.');",
              "err": {
                "message": "CypressError: cy.type() failed because it requires a valid typeable element.\n\nThe element typed into was:\n\n  > <span data-testid=\"search-input\">SearchBar</span>\n\nA typeable element matches one of the following selectors:\n  'a[href]'\n  'area[href]'\n  'input'\n  'select'\n  'textarea'\n  'button'\n  'iframe'\n  '[tabindex]'\n  '[contenteditable]'",
                "estack": "CypressError: cy.type() failed because it requires a valid typeable element.\n\nThe element typed into was:\n\n  > <span data-testid=\"search-input\">SearchBar</span>\n\nA typeable element matches one of the following selectors:\n  'a[href]'\n  'area[href]'\n  'input'\n  'select'\n  'textarea'\n  'button'\n  'iframe'\n  '[tabindex]'\n  '[contenteditable]'\n    at Object.cypressErr (http://localhost:3000/__cypress/runner/cypress_runner.js:86207:11)\n    at Object.throwErr (http://localhost:3000/__cypress/runner/cypress_runner.js:86162:18)\n    at Object.throwErrByPath (http://localhost:3000/__cypress/runner/cypress_runner.js:86194:17)\n    at http://localhost:3000/__cypress/runner/cypress_runner.js:68257:22\n    at tryCatcher (http://localhost:3000/__cypress/runner/cypress_runner.js:120203:23)\n    at Promise._settlePromiseFromHandler (http://localhost:3000/__cypress/runner/cypress_runner.js:118139:31)\n    at Promise._settlePromise (http://localhost:3000/__cypress/runner/cypress_runner.js:118196:18)\n    at Promise._settlePromise0 (http://localhost:3000/__cypress/runner/cypress_runner.js:118241:10)\n    at Promise._settlePromises (http://localhost:3000/__cypress/runner/cypress_runner.js:118320:18)\n    at Async../node_modules/bluebird/js/release/async.js.Async._drainQueue (http://localhost:3000/__cypress/runner/cypress_runner.js:114928:16)\n    at Async../node_modules/bluebird/js/release/async.js.Async._drainQueues (http://localhost:3000/__cypress/runner/cypress_runner.js:114938:10)\n    at Async.drainQueues (http://localhost:3000/__cypress/runner/cypress_runner.js:114812:14)",
                "diff": null
              },
              "uuid": "d1dc003a-5fc1-4201-9ac9-3dc7b18f95e3",
              "parentUUID": "6fbe62d9-c81b-4e6e-97d7-7d921505853a",
              "isHook": false,
              "skipped": false
            }
          ],
          "suites": [],
          "passes": [],
          "failures": [
            "46b09003-20ae-40d9-a98f-9321eb47968e",
            "d1dc003a-5fc1-4201-9ac9-3dc7b18f95e3"
          ],
          "pending": [],
          "skipped": [],
          "duration": 977,
          "root": false,
          "rootEmpty": false,
          "_timeout": 2000
        }
      ],
      "passes": [],
      "failures": [],
      "pending": [],
      "skipped": [],
      "duration": 0,
      "root": true,
      "rootEmpty": true,
      "_timeout": 2000
    }
  ],
  "meta": {
    "mocha": {
      "version": "8.2.1"
    },
    "mochawesome": {
      "options": {
        "quiet": false,
        "reportFilename": "mochawesome",
        "saveHtml": false,
        "saveJson": true,
        "consoleReporter": "spec",
        "useInlineDiffs": false,
        "code": true
      },
      "version": "6.2.1"
    },
    "marge": {
      "options": {
        "id": "default",
        "reportDir": "cypress/reports",
        "overwrite": false,
        "html": false,
        "json": true
      },
      "version": "5.1.0"
    }
  }
}